# JRE version: Java(TM) SE Runtime Environment (21.0.11+9) (build 21.0.11+9-LTS-211)
# Java VM: Java HotSpot(TM) 64-Bit Server VM (21.0.11+9-LTS-211, mixed mode, sharing, tiered, compressed oops, compressed class ptrs, g1 gc, windows-amd64)
GC Precious Log:
 CardTable entry size: 512
 Card Set container configuration: InlinePtr #cards 5 size 8 Array Of Cards #cards 12 size 40 Howl #buckets 4 coarsen threshold 1843 Howl Bitmap #cards 512 size 80 coarsen threshold 460 Card regions per heap region 1 cards per card region 2048
 CPUs: 12 total, 12 available
 Memory: 15690M
 Large Page Support: Disabled
 NUMA Support: Disabled
 Compressed Oops: Enabled (32-bit)
 Heap Region Size: 1M
 Heap Min Capacity: 256M
 Heap Initial Capacity: 256M
 Heap Max Capacity: 512M
 Pre-touch: Disabled
 Parallel Workers: 10
 Concurrent Workers: 3
 Concurrent Refinement Workers: 10
 Periodic GC: Disabled
Heap:
 garbage-first heap   total 262144K, used 94038K [0x00000000e0000000, 0x0000000100000000)
  region size 1024K, 71 young (72704K), 14 survivors (14336K)
 Metaspace       used 52779K, committed 54912K, reserved 393216K
  class space    used 7678K, committed 8768K, reserved 327680K
GC Heap History (14 events):
Event: 2.214 GC heap before
{Heap before GC invocations=0 (full 0):
 garbage-first heap   total 262144K, used 26624K [0x00000000e0000000, 0x0000000100000000)
  region size 1024K, 23 young (23552K), 0 survivors (0K)
 Metaspace       used 3119K, committed 3328K, reserved 393216K
  class space    used 363K, committed 448K, reserved 327680K
}
Event: 2.592 GC heap after
{Heap after GC invocations=1 (full 0):
 garbage-first heap   total 262144K, used 10986K [0x00000000e0000000, 0x0000000100000000)
  region size 1024K, 3 young (3072K), 3 survivors (3072K)
 Metaspace       used 3119K, committed 3328K, reserved 393216K
  class space    used 363K, committed 448K, reserved 327680K
}
Event: 8.570 GC heap before
{Heap before GC invocations=1 (full 0):
 garbage-first heap   total 262144K, used 40682K [0x00000000e0000000, 0x0000000100000000)
  region size 1024K, 31 young (31744K), 3 survivors (3072K)
 Metaspace       used 4681K, committed 4928K, reserved 393216K
  class space    used 574K, committed 704K, reserved 327680K
}
Event: 8.577 GC heap after
{Heap after GC invocations=2 (full 0):
 garbage-first heap   total 262144K, used 15189K [0x00000000e0000000, 0x0000000100000000)
  region size 1024K, 3 young (3072K), 3 survivors (3072K)
 Metaspace       used 4681K, committed 4928K, reserved 393216K
  class space    used 574K, committed 704K, reserved 327680K
}
Event: 73.621 GC heap before
{Heap before GC invocations=2 (full 0):
 garbage-first heap   total 262144K, used 133973K [0x00000000e0000000, 0x0000000100000000)
  region size 1024K, 120 young (122880K), 3 survivors (3072K)
 Metaspace       used 20841K, committed 21504K, reserved 393216K
  class space    used 2826K, committed 3136K, reserved 327680K
}
Event: 73.647 GC heap after
{Heap after GC invocations=3 (full 0):
 garbage-first heap   total 262144K, used 24058K [0x00000000e0000000, 0x0000000100000000)
  region size 1024K, 12 young (12288K), 12 survivors (12288K)
 Metaspace       used 20841K, committed 21504K, reserved 393216K
  class space    used 2826K, committed 3136K, reserved 327680K
}
Event: 123.013 GC heap before
{Heap before GC invocations=4 (full 0):
 garbage-first heap   total 262144K, used 128506K [0x00000000e0000000, 0x0000000100000000)
  region size 1024K, 114 young (116736K), 12 survivors (12288K)
 Metaspace       used 34612K, committed 35968K, reserved 393216K
  class space    used 4813K, committed 5504K, reserved 327680K
}
Event: 123.027 GC heap after
{Heap after GC invocations=5 (full 0):
 garbage-first heap   total 262144K, used 30220K [0x00000000e0000000, 0x0000000100000000)
  region size 1024K, 15 young (15360K), 15 survivors (15360K)
 Metaspace       used 34612K, committed 35968K, reserved 393216K
  class space    used 4813K, committed 5504K, reserved 327680K
}
Event: 123.526 GC heap before
{Heap before GC invocations=5 (full 0):
 garbage-first heap   total 262144K, used 31244K [0x00000000e0000000, 0x0000000100000000)
  region size 1024K, 17 young (17408K), 15 survivors (15360K)
 Metaspace       used 34952K, committed 36288K, reserved 393216K
  class space    used 4838K, committed 5504K, reserved 327680K
}
Event: 123.535 GC heap after
{Heap after GC invocations=6 (full 0):
 garbage-first heap   total 262144K, used 30038K [0x00000000e0000000, 0x0000000100000000)
  region size 1024K, 7 young (7168K), 7 survivors (7168K)
 Metaspace       used 34952K, committed 36288K, reserved 393216K
  class space    used 4838K, committed 5504K, reserved 327680K
}
Event: 124.287 GC heap before
{Heap before GC invocations=6 (full 0):
 garbage-first heap   total 262144K, used 32086K [0x00000000e0000000, 0x0000000100000000)
  region size 1024K, 10 young (10240K), 7 survivors (7168K)
 Metaspace       used 35247K, committed 36608K, reserved 393216K
  class space    used 4877K, committed 5568K, reserved 327680K
}
Event: 124.291 GC heap after
{Heap after GC invocations=7 (full 0):
 garbage-first heap   total 262144K, used 30084K [0x00000000e0000000, 0x0000000100000000)
  region size 1024K, 7 young (7168K), 7 survivors (7168K)
 Metaspace       used 35247K, committed 36608K, reserved 393216K
  class space    used 4877K, committed 5568K, reserved 327680K
}
Event: 399.806 GC heap before
{Heap before GC invocations=8 (full 0):
 garbage-first heap   total 262144K, used 179588K [0x00000000e0000000, 0x0000000100000000)
  region size 1024K, 153 young (156672K), 7 survivors (7168K)
 Metaspace       used 48529K, committed 50432K, reserved 393216K
  class space    used 7007K, committed 7936K, reserved 327680K
}
Event: 399.849 GC heap after
{Heap after GC invocations=9 (full 0):
 garbage-first heap   total 262144K, used 37718K [0x00000000e0000000, 0x0000000100000000)
  region size 1024K, 14 young (14336K), 14 survivors (14336K)
 Metaspace       used 48529K, committed 50432K, reserved 393216K
  class space    used 7007K, committed 7936K, reserved 327680K
}

