# JRE version: Java(TM) SE Runtime Environment (21.0.11+9) (build 21.0.11+9-LTS-211)
# Java VM: Java HotSpot(TM) 64-Bit Server VM (21.0.11+9-LTS-211, mixed mode, sharing, tiered, compressed oops, compressed class ptrs, g1 gc, windows-amd64)
GC Precious Log:
 CardTable entry size: 512
 Card Set container configuration: InlinePtr #cards 5 size 8 Array Of Cards #cards 12 size 40 Howl #buckets 4 coarsen threshold 1843 Howl Bitmap #cards 512 size 80 coarsen threshold 460 Card regions per heap region 1 cards per card region 2048
 CPUs: 12 total, 12 available
 Memory: 15690M
 Large Page Support: Disabled
 NUMA Support: Disabled
 Compressed Oops: Enabled (32-bit)
 Heap Region Size: 1M
 Heap Min Capacity: 256M
 Heap Initial Capacity: 256M
 Heap Max Capacity: 512M
 Pre-touch: Disabled
 Parallel Workers: 10
 Concurrent Workers: 3
 Concurrent Refinement Workers: 10
 Periodic GC: Disabled
Heap:
 garbage-first heap   total 262144K, used 100082K [0x00000000e0000000, 0x0000000100000000)
  region size 1024K, 76 young (77824K), 8 survivors (8192K)
 Metaspace       used 41056K, committed 42624K, reserved 393216K
  class space    used 5796K, committed 6528K, reserved 327680K
GC Heap History (14 events):
Event: 4.749 GC heap before
{Heap before GC invocations=0 (full 0):
 garbage-first heap   total 262144K, used 26624K [0x00000000e0000000, 0x0000000100000000)
  region size 1024K, 23 young (23552K), 0 survivors (0K)
 Metaspace       used 2974K, committed 3072K, reserved 393216K
  class space    used 340K, committed 384K, reserved 327680K
}
Event: 4.816 GC heap after
{Heap after GC invocations=1 (full 0):
 garbage-first heap   total 262144K, used 11137K [0x00000000e0000000, 0x0000000100000000)
  region size 1024K, 3 young (3072K), 3 survivors (3072K)
 Metaspace       used 2974K, committed 3072K, reserved 393216K
  class space    used 340K, committed 384K, reserved 327680K
}
Event: 9.709 GC heap before
{Heap before GC invocations=1 (full 0):
 garbage-first heap   total 262144K, used 40833K [0x00000000e0000000, 0x0000000100000000)
  region size 1024K, 31 young (31744K), 3 survivors (3072K)
 Metaspace       used 4668K, committed 4928K, reserved 393216K
  class space    used 572K, committed 704K, reserved 327680K
}
Event: 9.713 GC heap after
{Heap after GC invocations=2 (full 0):
 garbage-first heap   total 262144K, used 15149K [0x00000000e0000000, 0x0000000100000000)
  region size 1024K, 3 young (3072K), 3 survivors (3072K)
 Metaspace       used 4668K, committed 4928K, reserved 393216K
  class space    used 572K, committed 704K, reserved 327680K
}
Event: 40.890 GC heap before
{Heap before GC invocations=2 (full 0):
 garbage-first heap   total 262144K, used 105261K [0x00000000e0000000, 0x0000000100000000)
  region size 1024K, 91 young (93184K), 3 survivors (3072K)
 Metaspace       used 18151K, committed 18752K, reserved 393216K
  class space    used 2418K, committed 2688K, reserved 327680K
}
Event: 40.920 GC heap after
{Heap after GC invocations=3 (full 0):
 garbage-first heap   total 262144K, used 22967K [0x00000000e0000000, 0x0000000100000000)
  region size 1024K, 11 young (11264K), 11 survivors (11264K)
 Metaspace       used 18151K, committed 18752K, reserved 393216K
  class space    used 2418K, committed 2688K, reserved 327680K
}
Event: 45.070 GC heap before
{Heap before GC invocations=3 (full 0):
 garbage-first heap   total 262144K, used 44471K [0x00000000e0000000, 0x0000000100000000)
  region size 1024K, 33 young (33792K), 11 survivors (11264K)
 Metaspace       used 20910K, committed 21504K, reserved 393216K
  class space    used 2871K, committed 3136K, reserved 327680K
}
Event: 45.077 GC heap after
{Heap after GC invocations=4 (full 0):
 garbage-first heap   total 262144K, used 25034K [0x00000000e0000000, 0x0000000100000000)
  region size 1024K, 10 young (10240K), 10 survivors (10240K)
 Metaspace       used 20910K, committed 21504K, reserved 393216K
  class space    used 2871K, committed 3136K, reserved 327680K
}
Event: 60.859 GC heap before
{Heap before GC invocations=5 (full 0):
 garbage-first heap   total 262144K, used 127434K [0x00000000e0000000, 0x0000000100000000)
  region size 1024K, 110 young (112640K), 10 survivors (10240K)
 Metaspace       used 34826K, committed 36096K, reserved 393216K
  class space    used 4811K, committed 5440K, reserved 327680K
}
Event: 60.870 GC heap after
{Heap after GC invocations=6 (full 0):
 garbage-first heap   total 262144K, used 30880K [0x00000000e0000000, 0x0000000100000000)
  region size 1024K, 8 young (8192K), 8 survivors (8192K)
 Metaspace       used 34826K, committed 36096K, reserved 393216K
  class space    used 4811K, committed 5440K, reserved 327680K
}
Event: 61.027 GC heap before
{Heap before GC invocations=6 (full 0):
 garbage-first heap   total 262144K, used 31904K [0x00000000e0000000, 0x0000000100000000)
  region size 1024K, 10 young (10240K), 8 survivors (8192K)
 Metaspace       used 35090K, committed 36416K, reserved 393216K
  class space    used 4839K, committed 5504K, reserved 327680K
}
Event: 61.032 GC heap after
{Heap after GC invocations=7 (full 0):
 garbage-first heap   total 262144K, used 31474K [0x00000000e0000000, 0x0000000100000000)
  region size 1024K, 8 young (8192K), 8 survivors (8192K)
 Metaspace       used 35090K, committed 36416K, reserved 393216K
  class space    used 4839K, committed 5504K, reserved 327680K
}
Event: 61.094 GC heap before
{Heap before GC invocations=7 (full 0):
 garbage-first heap   total 262144K, used 32498K [0x00000000e0000000, 0x0000000100000000)
  region size 1024K, 10 young (10240K), 8 survivors (8192K)
 Metaspace       used 35365K, committed 36736K, reserved 393216K
  class space    used 4877K, committed 5568K, reserved 327680K
}
Event: 61.098 GC heap after
{Heap after GC invocations=8 (full 0):
 garbage-first heap   total 262144K, used 31474K [0x00000000e0000000, 0x0000000100000000)
  region size 1024K, 8 young (8192K), 8 survivors (8192K)
 Metaspace       used 35365K, committed 36736K, reserved 393216K
  class space    used 4877K, committed 5568K, reserved 327680K
}

