# JRE version: Java(TM) SE Runtime Environment (21.0.11+9) (build 21.0.11+9-LTS-211)
# Java VM: Java HotSpot(TM) 64-Bit Server VM (21.0.11+9-LTS-211, mixed mode, sharing, tiered, compressed oops, compressed class ptrs, g1 gc, windows-amd64)
GC Precious Log:
 CardTable entry size: 512
 Card Set container configuration: InlinePtr #cards 5 size 8 Array Of Cards #cards 12 size 40 Howl #buckets 4 coarsen threshold 1843 Howl Bitmap #cards 512 size 80 coarsen threshold 460 Card regions per heap region 1 cards per card region 2048
 CPUs: 12 total, 12 available
 Memory: 15690M
 Large Page Support: Disabled
 NUMA Support: Disabled
 Compressed Oops: Enabled (32-bit)
 Heap Region Size: 1M
 Heap Min Capacity: 256M
 Heap Initial Capacity: 256M
 Heap Max Capacity: 512M
 Pre-touch: Disabled
 Parallel Workers: 10
 Concurrent Workers: 3
 Concurrent Refinement Workers: 10
 Periodic GC: Disabled
Heap:
 garbage-first heap   total 262144K, used 92732K [0x00000000e0000000, 0x0000000100000000)
  region size 1024K, 69 young (70656K), 14 survivors (14336K)
 Metaspace       used 53936K, committed 56064K, reserved 393216K
  class space    used 7838K, committed 8896K, reserved 327680K
GC Heap History (14 events):
Event: 5.352 GC heap before
{Heap before GC invocations=0 (full 0):
 garbage-first heap   total 262144K, used 26624K [0x00000000e0000000, 0x0000000100000000)
  region size 1024K, 23 young (23552K), 0 survivors (0K)
 Metaspace       used 3078K, committed 3264K, reserved 393216K
  class space    used 355K, committed 448K, reserved 327680K
}
Event: 6.026 GC heap after
{Heap after GC invocations=1 (full 0):
 garbage-first heap   total 262144K, used 10944K [0x00000000e0000000, 0x0000000100000000)
  region size 1024K, 3 young (3072K), 3 survivors (3072K)
 Metaspace       used 3078K, committed 3264K, reserved 393216K
  class space    used 355K, committed 448K, reserved 327680K
}
Event: 8.720 GC heap before
{Heap before GC invocations=1 (full 0):
 garbage-first heap   total 262144K, used 41664K [0x00000000e0000000, 0x0000000100000000)
  region size 1024K, 31 young (31744K), 3 survivors (3072K)
 Metaspace       used 4660K, committed 4864K, reserved 393216K
  class space    used 572K, committed 704K, reserved 327680K
}
Event: 8.732 GC heap after
{Heap after GC invocations=2 (full 0):
 garbage-first heap   total 262144K, used 15552K [0x00000000e0000000, 0x0000000100000000)
  region size 1024K, 4 young (4096K), 4 survivors (4096K)
 Metaspace       used 4660K, committed 4864K, reserved 393216K
  class space    used 572K, committed 704K, reserved 327680K
}
Event: 73.026 GC heap before
{Heap before GC invocations=2 (full 0):
 garbage-first heap   total 262144K, used 149696K [0x00000000e0000000, 0x0000000100000000)
  region size 1024K, 137 young (140288K), 4 survivors (4096K)
 Metaspace       used 20834K, committed 21504K, reserved 393216K
  class space    used 2805K, committed 3136K, reserved 327680K
}
Event: 73.095 GC heap after
{Heap after GC invocations=3 (full 0):
 garbage-first heap   total 262144K, used 24034K [0x00000000e0000000, 0x0000000100000000)
  region size 1024K, 12 young (12288K), 12 survivors (12288K)
 Metaspace       used 20834K, committed 21504K, reserved 393216K
  class space    used 2805K, committed 3136K, reserved 327680K
}
Event: 79.080 GC heap before
{Heap before GC invocations=4 (full 0):
 garbage-first heap   total 262144K, used 131554K [0x00000000e0000000, 0x0000000100000000)
  region size 1024K, 117 young (119808K), 12 survivors (12288K)
 Metaspace       used 35342K, committed 36800K, reserved 393216K
  class space    used 4877K, committed 5632K, reserved 327680K
}
Event: 79.093 GC heap after
{Heap after GC invocations=5 (full 0):
 garbage-first heap   total 262144K, used 30803K [0x00000000e0000000, 0x0000000100000000)
  region size 1024K, 16 young (16384K), 16 survivors (16384K)
 Metaspace       used 35342K, committed 36800K, reserved 393216K
  class space    used 4877K, committed 5632K, reserved 327680K
}
Event: 79.224 GC heap before
{Heap before GC invocations=5 (full 0):
 garbage-first heap   total 262144K, used 31827K [0x00000000e0000000, 0x0000000100000000)
  region size 1024K, 18 young (18432K), 16 survivors (16384K)
 Metaspace       used 35692K, committed 37120K, reserved 393216K
  class space    used 4896K, committed 5632K, reserved 327680K
}
Event: 79.242 GC heap after
{Heap after GC invocations=6 (full 0):
 garbage-first heap   total 262144K, used 31225K [0x00000000e0000000, 0x0000000100000000)
  region size 1024K, 8 young (8192K), 8 survivors (8192K)
 Metaspace       used 35692K, committed 37120K, reserved 393216K
  class space    used 4896K, committed 5632K, reserved 327680K
}
Event: 79.382 GC heap before
{Heap before GC invocations=6 (full 0):
 garbage-first heap   total 262144K, used 32249K [0x00000000e0000000, 0x0000000100000000)
  region size 1024K, 10 young (10240K), 8 survivors (8192K)
 Metaspace       used 36085K, committed 37440K, reserved 393216K
  class space    used 4947K, committed 5632K, reserved 327680K
}
Event: 79.390 GC heap after
{Heap after GC invocations=7 (full 0):
 garbage-first heap   total 262144K, used 30898K [0x00000000e0000000, 0x0000000100000000)
  region size 1024K, 8 young (8192K), 8 survivors (8192K)
 Metaspace       used 36085K, committed 37440K, reserved 393216K
  class space    used 4947K, committed 5632K, reserved 327680K
}
Event: 151.836 GC heap before
{Heap before GC invocations=8 (full 0):
 garbage-first heap   total 262144K, used 179378K [0x00000000e0000000, 0x0000000100000000)
  region size 1024K, 153 young (156672K), 8 survivors (8192K)
 Metaspace       used 49656K, committed 51648K, reserved 393216K
  class space    used 7134K, committed 8128K, reserved 327680K
}
Event: 151.853 GC heap after
{Heap after GC invocations=9 (full 0):
 garbage-first heap   total 262144K, used 37436K [0x00000000e0000000, 0x0000000100000000)
  region size 1024K, 14 young (14336K), 14 survivors (14336K)
 Metaspace       used 49656K, committed 51648K, reserved 393216K
  class space    used 7134K, committed 8128K, reserved 327680K
}

