# JRE version: Java(TM) SE Runtime Environment (21.0.11+9) (build 21.0.11+9-LTS-211)
# Java VM: Java HotSpot(TM) 64-Bit Server VM (21.0.11+9-LTS-211, mixed mode, sharing, tiered, compressed oops, compressed class ptrs, g1 gc, windows-amd64)
GC Precious Log:
 CardTable entry size: 512
 Card Set container configuration: InlinePtr #cards 5 size 8 Array Of Cards #cards 12 size 40 Howl #buckets 4 coarsen threshold 1843 Howl Bitmap #cards 512 size 80 coarsen threshold 460 Card regions per heap region 1 cards per card region 2048
 CPUs: 12 total, 12 available
 Memory: 15690M
 Large Page Support: Disabled
 NUMA Support: Disabled
 Compressed Oops: Enabled (32-bit)
 Heap Region Size: 1M
 Heap Min Capacity: 256M
 Heap Initial Capacity: 256M
 Heap Max Capacity: 512M
 Pre-touch: Disabled
 Parallel Workers: 10
 Concurrent Workers: 3
 Concurrent Refinement Workers: 10
 Periodic GC: Disabled
Heap:
 garbage-first heap   total 262144K, used 133638K [0x00000000e0000000, 0x0000000100000000)
  region size 1024K, 95 young (97280K), 13 survivors (13312K)
 Metaspace       used 60631K, committed 62912K, reserved 393216K
  class space    used 8662K, committed 9792K, reserved 327680K
GC Heap History (20 events):
Event: 7.476 GC heap before
{Heap before GC invocations=0 (full 0):
 garbage-first heap   total 262144K, used 26624K [0x00000000e0000000, 0x0000000100000000)
  region size 1024K, 23 young (23552K), 0 survivors (0K)
 Metaspace       used 2976K, committed 3072K, reserved 393216K
  class space    used 341K, committed 384K, reserved 327680K
}
Event: 7.527 GC heap after
{Heap after GC invocations=1 (full 0):
 garbage-first heap   total 262144K, used 10924K [0x00000000e0000000, 0x0000000100000000)
  region size 1024K, 3 young (3072K), 3 survivors (3072K)
 Metaspace       used 2976K, committed 3072K, reserved 393216K
  class space    used 341K, committed 384K, reserved 327680K
}
Event: 10.419 GC heap before
{Heap before GC invocations=1 (full 0):
 garbage-first heap   total 262144K, used 41644K [0x00000000e0000000, 0x0000000100000000)
  region size 1024K, 31 young (31744K), 3 survivors (3072K)
 Metaspace       used 4658K, committed 4864K, reserved 393216K
  class space    used 571K, committed 704K, reserved 327680K
}
Event: 10.423 GC heap after
{Heap after GC invocations=2 (full 0):
 garbage-first heap   total 262144K, used 15033K [0x00000000e0000000, 0x0000000100000000)
  region size 1024K, 3 young (3072K), 3 survivors (3072K)
 Metaspace       used 4658K, committed 4864K, reserved 393216K
  class space    used 571K, committed 704K, reserved 327680K
}
Event: 26.473 GC heap before
{Heap before GC invocations=2 (full 0):
 garbage-first heap   total 262144K, used 107193K [0x00000000e0000000, 0x0000000100000000)
  region size 1024K, 93 young (95232K), 3 survivors (3072K)
 Metaspace       used 18546K, committed 19136K, reserved 393216K
  class space    used 2494K, committed 2752K, reserved 327680K
}
Event: 26.503 GC heap after
{Heap after GC invocations=3 (full 0):
 garbage-first heap   total 262144K, used 23237K [0x00000000e0000000, 0x0000000100000000)
  region size 1024K, 11 young (11264K), 11 survivors (11264K)
 Metaspace       used 18546K, committed 19136K, reserved 393216K
  class space    used 2494K, committed 2752K, reserved 327680K
}
Event: 27.350 GC heap before
{Heap before GC invocations=3 (full 0):
 garbage-first heap   total 262144K, used 40645K [0x00000000e0000000, 0x0000000100000000)
  region size 1024K, 29 young (29696K), 11 survivors (11264K)
 Metaspace       used 20880K, committed 21504K, reserved 393216K
  class space    used 2876K, committed 3136K, reserved 327680K
}
Event: 27.361 GC heap after
{Heap after GC invocations=4 (full 0):
 garbage-first heap   total 262144K, used 24875K [0x00000000e0000000, 0x0000000100000000)
  region size 1024K, 2 young (2048K), 2 survivors (2048K)
 Metaspace       used 20880K, committed 21504K, reserved 393216K
  class space    used 2876K, committed 3136K, reserved 327680K
}
Event: 33.294 GC heap before
{Heap before GC invocations=5 (full 0):
 garbage-first heap   total 262144K, used 127275K [0x00000000e0000000, 0x0000000100000000)
  region size 1024K, 102 young (104448K), 2 survivors (2048K)
 Metaspace       used 34631K, committed 35968K, reserved 393216K
  class space    used 4822K, committed 5504K, reserved 327680K
}
Event: 33.301 GC heap after
{Heap after GC invocations=6 (full 0):
 garbage-first heap   total 262144K, used 30252K [0x00000000e0000000, 0x0000000100000000)
  region size 1024K, 8 young (8192K), 8 survivors (8192K)
 Metaspace       used 34631K, committed 35968K, reserved 393216K
  class space    used 4822K, committed 5504K, reserved 327680K
}
Event: 33.579 GC heap before
{Heap before GC invocations=6 (full 0):
 garbage-first heap   total 262144K, used 31276K [0x00000000e0000000, 0x0000000100000000)
  region size 1024K, 10 young (10240K), 8 survivors (8192K)
 Metaspace       used 34970K, committed 36288K, reserved 393216K
  class space    used 4843K, committed 5504K, reserved 327680K
}
Event: 33.587 GC heap after
{Heap after GC invocations=7 (full 0):
 garbage-first heap   total 262144K, used 30655K [0x00000000e0000000, 0x0000000100000000)
  region size 1024K, 8 young (8192K), 8 survivors (8192K)
 Metaspace       used 34970K, committed 36288K, reserved 393216K
  class space    used 4843K, committed 5504K, reserved 327680K
}
Event: 33.663 GC heap before
{Heap before GC invocations=7 (full 0):
 garbage-first heap   total 262144K, used 32703K [0x00000000e0000000, 0x0000000100000000)
  region size 1024K, 11 young (11264K), 8 survivors (8192K)
 Metaspace       used 35264K, committed 36608K, reserved 393216K
  class space    used 4883K, committed 5568K, reserved 327680K
}
Event: 33.668 GC heap after
{Heap after GC invocations=8 (full 0):
 garbage-first heap   total 262144K, used 30619K [0x00000000e0000000, 0x0000000100000000)
  region size 1024K, 8 young (8192K), 8 survivors (8192K)
 Metaspace       used 35264K, committed 36608K, reserved 393216K
  class space    used 4883K, committed 5568K, reserved 327680K
}
Event: 73.451 GC heap before
{Heap before GC invocations=9 (full 0):
 garbage-first heap   total 262144K, used 179099K [0x00000000e0000000, 0x0000000100000000)
  region size 1024K, 153 young (156672K), 8 survivors (8192K)
 Metaspace       used 49780K, committed 51776K, reserved 393216K
  class space    used 7210K, committed 8192K, reserved 327680K
}
Event: 73.463 GC heap after
{Heap after GC invocations=10 (full 0):
 garbage-first heap   total 262144K, used 38277K [0x00000000e0000000, 0x0000000100000000)
  region size 1024K, 15 young (15360K), 15 survivors (15360K)
 Metaspace       used 49780K, committed 51776K, reserved 393216K
  class space    used 7210K, committed 8192K, reserved 327680K
}
Event: 96.917 GC heap before
{Heap before GC invocations=10 (full 0):
 garbage-first heap   total 262144K, used 179589K [0x00000000e0000000, 0x0000000100000000)
  region size 1024K, 153 young (156672K), 15 survivors (15360K)
 Metaspace       used 57561K, committed 59776K, reserved 393216K
  class space    used 8332K, committed 9472K, reserved 327680K
}
Event: 96.934 GC heap after
{Heap after GC invocations=11 (full 0):
 garbage-first heap   total 262144K, used 49411K [0x00000000e0000000, 0x0000000100000000)
  region size 1024K, 20 young (20480K), 20 survivors (20480K)
 Metaspace       used 57561K, committed 59776K, reserved 393216K
  class space    used 8332K, committed 9472K, reserved 327680K
}
Event: 101.783 GC heap before
{Heap before GC invocations=11 (full 0):
 garbage-first heap   total 262144K, used 150787K [0x00000000e0000000, 0x0000000100000000)
  region size 1024K, 120 young (122880K), 20 survivors (20480K)
 Metaspace       used 58864K, committed 61120K, reserved 393216K
  class space    used 8446K, committed 9600K, reserved 327680K
}
Event: 101.799 GC heap after
{Heap after GC invocations=12 (full 0):
 garbage-first heap   total 262144K, used 50694K [0x00000000e0000000, 0x0000000100000000)
  region size 1024K, 13 young (13312K), 13 survivors (13312K)
 Metaspace       used 58864K, committed 61120K, reserved 393216K
  class space    used 8446K, committed 9600K, reserved 327680K
}

