# JRE version: Java(TM) SE Runtime Environment (21.0.11+9) (build 21.0.11+9-LTS-211)
# Java VM: Java HotSpot(TM) 64-Bit Server VM (21.0.11+9-LTS-211, mixed mode, sharing, tiered, compressed oops, compressed class ptrs, g1 gc, windows-amd64)
GC Precious Log:
 CardTable entry size: 512
 Card Set container configuration: InlinePtr #cards 5 size 8 Array Of Cards #cards 12 size 40 Howl #buckets 4 coarsen threshold 1843 Howl Bitmap #cards 512 size 80 coarsen threshold 460 Card regions per heap region 1 cards per card region 2048
 CPUs: 12 total, 12 available
 Memory: 15690M
 Large Page Support: Disabled
 NUMA Support: Disabled
 Compressed Oops: Enabled (32-bit)
 Heap Region Size: 1M
 Heap Min Capacity: 256M
 Heap Initial Capacity: 256M
 Heap Max Capacity: 512M
 Pre-touch: Disabled
 Parallel Workers: 10
 Concurrent Workers: 3
 Concurrent Refinement Workers: 10
 Periodic GC: Disabled
Heap:
 garbage-first heap   total 262144K, used 108052K [0x00000000e0000000, 0x0000000100000000)
  region size 1024K, 83 young (84992K), 14 survivors (14336K)
 Metaspace       used 53489K, committed 55680K, reserved 393216K
  class space    used 7786K, committed 8832K, reserved 327680K
GC Heap History (14 events):
Event: 4.987 GC heap before
{Heap before GC invocations=0 (full 0):
 garbage-first heap   total 262144K, used 26624K [0x00000000e0000000, 0x0000000100000000)
  region size 1024K, 23 young (23552K), 0 survivors (0K)
 Metaspace       used 3120K, committed 3328K, reserved 393216K
  class space    used 362K, committed 448K, reserved 327680K
}
Event: 5.195 GC heap after
{Heap after GC invocations=1 (full 0):
 garbage-first heap   total 262144K, used 11053K [0x00000000e0000000, 0x0000000100000000)
  region size 1024K, 3 young (3072K), 3 survivors (3072K)
 Metaspace       used 3120K, committed 3328K, reserved 393216K
  class space    used 362K, committed 448K, reserved 327680K
}
Event: 6.782 GC heap before
{Heap before GC invocations=1 (full 0):
 garbage-first heap   total 262144K, used 40749K [0x00000000e0000000, 0x0000000100000000)
  region size 1024K, 31 young (31744K), 3 survivors (3072K)
 Metaspace       used 4656K, committed 4928K, reserved 393216K
  class space    used 569K, committed 704K, reserved 327680K
}
Event: 6.788 GC heap after
{Heap after GC invocations=2 (full 0):
 garbage-first heap   total 262144K, used 15265K [0x00000000e0000000, 0x0000000100000000)
  region size 1024K, 4 young (4096K), 4 survivors (4096K)
 Metaspace       used 4656K, committed 4928K, reserved 393216K
  class space    used 569K, committed 704K, reserved 327680K
}
Event: 21.725 GC heap before
{Heap before GC invocations=2 (full 0):
 garbage-first heap   total 262144K, used 123809K [0x00000000e0000000, 0x0000000100000000)
  region size 1024K, 111 young (113664K), 4 survivors (4096K)
 Metaspace       used 20887K, committed 21504K, reserved 393216K
  class space    used 2884K, committed 3200K, reserved 327680K
}
Event: 21.899 GC heap after
{Heap after GC invocations=3 (full 0):
 garbage-first heap   total 262144K, used 24448K [0x00000000e0000000, 0x0000000100000000)
  region size 1024K, 12 young (12288K), 12 survivors (12288K)
 Metaspace       used 20887K, committed 21504K, reserved 393216K
  class space    used 2884K, committed 3200K, reserved 327680K
}
Event: 32.288 GC heap before
{Heap before GC invocations=4 (full 0):
 garbage-first heap   total 262144K, used 124800K [0x00000000e0000000, 0x0000000100000000)
  region size 1024K, 110 young (112640K), 12 survivors (12288K)
 Metaspace       used 34614K, committed 35968K, reserved 393216K
  class space    used 4817K, committed 5504K, reserved 327680K
}
Event: 32.304 GC heap after
{Heap after GC invocations=5 (full 0):
 garbage-first heap   total 262144K, used 30366K [0x00000000e0000000, 0x0000000100000000)
  region size 1024K, 7 young (7168K), 7 survivors (7168K)
 Metaspace       used 34614K, committed 35968K, reserved 393216K
  class space    used 4817K, committed 5504K, reserved 327680K
}
Event: 32.374 GC heap before
{Heap before GC invocations=5 (full 0):
 garbage-first heap   total 262144K, used 31390K [0x00000000e0000000, 0x0000000100000000)
  region size 1024K, 9 young (9216K), 7 survivors (7168K)
 Metaspace       used 34927K, committed 36288K, reserved 393216K
  class space    used 4833K, committed 5504K, reserved 327680K
}
Event: 32.380 GC heap after
{Heap after GC invocations=6 (full 0):
 garbage-first heap   total 262144K, used 30893K [0x00000000e0000000, 0x0000000100000000)
  region size 1024K, 7 young (7168K), 7 survivors (7168K)
 Metaspace       used 34927K, committed 36288K, reserved 393216K
  class space    used 4833K, committed 5504K, reserved 327680K
}
Event: 32.487 GC heap before
{Heap before GC invocations=6 (full 0):
 garbage-first heap   total 262144K, used 32941K [0x00000000e0000000, 0x0000000100000000)
  region size 1024K, 10 young (10240K), 7 survivors (7168K)
 Metaspace       used 35264K, committed 36608K, reserved 393216K
  class space    used 4879K, committed 5568K, reserved 327680K
}
Event: 32.491 GC heap after
{Heap after GC invocations=7 (full 0):
 garbage-first heap   total 262144K, used 31235K [0x00000000e0000000, 0x0000000100000000)
  region size 1024K, 7 young (7168K), 7 survivors (7168K)
 Metaspace       used 35264K, committed 36608K, reserved 393216K
  class space    used 4879K, committed 5568K, reserved 327680K
}
Event: 153.571 GC heap before
{Heap before GC invocations=8 (full 0):
 garbage-first heap   total 262144K, used 180739K [0x00000000e0000000, 0x0000000100000000)
  region size 1024K, 153 young (156672K), 7 survivors (7168K)
 Metaspace       used 49111K, committed 51008K, reserved 393216K
  class space    used 7078K, committed 8000K, reserved 327680K
}
Event: 153.597 GC heap after
{Heap after GC invocations=9 (full 0):
 garbage-first heap   total 262144K, used 38420K [0x00000000e0000000, 0x0000000100000000)
  region size 1024K, 14 young (14336K), 14 survivors (14336K)
 Metaspace       used 49111K, committed 51008K, reserved 393216K
  class space    used 7078K, committed 8000K, reserved 327680K
}

