# JRE version: Java(TM) SE Runtime Environment (21.0.11+9) (build 21.0.11+9-LTS-211)
# Java VM: Java HotSpot(TM) 64-Bit Server VM (21.0.11+9-LTS-211, mixed mode, sharing, tiered, compressed oops, compressed class ptrs, g1 gc, windows-amd64)
GC Precious Log:
 CardTable entry size: 512
 Card Set container configuration: InlinePtr #cards 5 size 8 Array Of Cards #cards 12 size 40 Howl #buckets 4 coarsen threshold 1843 Howl Bitmap #cards 512 size 80 coarsen threshold 460 Card regions per heap region 1 cards per card region 2048
 CPUs: 12 total, 12 available
 Memory: 15690M
 Large Page Support: Disabled
 NUMA Support: Disabled
 Compressed Oops: Enabled (32-bit)
 Heap Region Size: 1M
 Heap Min Capacity: 256M
 Heap Initial Capacity: 256M
 Heap Max Capacity: 512M
 Pre-touch: Disabled
 Parallel Workers: 10
 Concurrent Workers: 3
 Concurrent Refinement Workers: 10
 Periodic GC: Disabled
Heap:
 garbage-first heap   total 262144K, used 41589K [0x00000000e0000000, 0x0000000100000000)
  region size 1024K, 19 young (19456K), 7 survivors (7168K)
 Metaspace       used 36090K, committed 37568K, reserved 393216K
  class space    used 5152K, committed 5888K, reserved 327680K
GC Heap History (8 events):
Event: 2.630 GC heap before
{Heap before GC invocations=0 (full 0):
 garbage-first heap   total 262144K, used 26624K [0x00000000e0000000, 0x0000000100000000)
  region size 1024K, 23 young (23552K), 0 survivors (0K)
 Metaspace       used 3099K, committed 3328K, reserved 393216K
  class space    used 361K, committed 448K, reserved 327680K
}
Event: 2.843 GC heap after
{Heap after GC invocations=1 (full 0):
 garbage-first heap   total 262144K, used 10879K [0x00000000e0000000, 0x0000000100000000)
  region size 1024K, 3 young (3072K), 3 survivors (3072K)
 Metaspace       used 3099K, committed 3328K, reserved 393216K
  class space    used 361K, committed 448K, reserved 327680K
}
Event: 8.291 GC heap before
{Heap before GC invocations=1 (full 0):
 garbage-first heap   total 262144K, used 40575K [0x00000000e0000000, 0x0000000100000000)
  region size 1024K, 30 young (30720K), 3 survivors (3072K)
 Metaspace       used 4654K, committed 4864K, reserved 393216K
  class space    used 572K, committed 704K, reserved 327680K
}
Event: 8.305 GC heap after
{Heap after GC invocations=2 (full 0):
 garbage-first heap   total 262144K, used 14522K [0x00000000e0000000, 0x0000000100000000)
  region size 1024K, 3 young (3072K), 3 survivors (3072K)
 Metaspace       used 4654K, committed 4864K, reserved 393216K
  class space    used 572K, committed 704K, reserved 327680K
}
Event: 50.422 GC heap before
{Heap before GC invocations=2 (full 0):
 garbage-first heap   total 262144K, used 124090K [0x00000000e0000000, 0x0000000100000000)
  region size 1024K, 111 young (113664K), 3 survivors (3072K)
 Metaspace       used 20859K, committed 21504K, reserved 393216K
  class space    used 2875K, committed 3200K, reserved 327680K
}
Event: 50.969 GC heap after
{Heap after GC invocations=3 (full 0):
 garbage-first heap   total 262144K, used 23989K [0x00000000e0000000, 0x0000000100000000)
  region size 1024K, 12 young (12288K), 12 survivors (12288K)
 Metaspace       used 20859K, committed 21504K, reserved 393216K
  class space    used 2875K, committed 3200K, reserved 327680K
}
Event: 148.849 GC heap before
{Heap before GC invocations=4 (full 0):
 garbage-first heap   total 262144K, used 132533K [0x00000000e0000000, 0x0000000100000000)
  region size 1024K, 120 young (122880K), 12 survivors (12288K)
 Metaspace       used 34586K, committed 35968K, reserved 393216K
  class space    used 4939K, committed 5632K, reserved 327680K
}
Event: 148.950 GC heap after
{Heap after GC invocations=5 (full 0):
 garbage-first heap   total 262144K, used 30325K [0x00000000e0000000, 0x0000000100000000)
  region size 1024K, 7 young (7168K), 7 survivors (7168K)
 Metaspace       used 34586K, committed 35968K, reserved 393216K
  class space    used 4939K, committed 5632K, reserved 327680K
}

