# JRE version: Java(TM) SE Runtime Environment (21.0.11+9) (build 21.0.11+9-LTS-211)
# Java VM: Java HotSpot(TM) 64-Bit Server VM (21.0.11+9-LTS-211, mixed mode, sharing, tiered, compressed oops, compressed class ptrs, g1 gc, windows-amd64)
GC Precious Log:
 CardTable entry size: 512
 Card Set container configuration: InlinePtr #cards 5 size 8 Array Of Cards #cards 12 size 40 Howl #buckets 4 coarsen threshold 1843 Howl Bitmap #cards 512 size 80 coarsen threshold 460 Card regions per heap region 1 cards per card region 2048
 CPUs: 12 total, 12 available
 Memory: 15690M
 Large Page Support: Disabled
 NUMA Support: Disabled
 Compressed Oops: Enabled (32-bit)
 Heap Region Size: 1M
 Heap Min Capacity: 256M
 Heap Initial Capacity: 256M
 Heap Max Capacity: 512M
 Pre-touch: Disabled
 Parallel Workers: 10
 Concurrent Workers: 3
 Concurrent Refinement Workers: 10
 Periodic GC: Disabled
Heap:
 garbage-first heap   total 262144K, used 62259K [0x00000000e0000000, 0x0000000100000000)
  region size 1024K, 38 young (38912K), 14 survivors (14336K)
 Metaspace       used 50896K, committed 52992K, reserved 393216K
  class space    used 7524K, committed 8576K, reserved 327680K
GC Heap History (14 events):
Event: 5.397 GC heap before
{Heap before GC invocations=0 (full 0):
 garbage-first heap   total 262144K, used 26624K [0x00000000e0000000, 0x0000000100000000)
  region size 1024K, 23 young (23552K), 0 survivors (0K)
 Metaspace       used 3114K, committed 3328K, reserved 393216K
  class space    used 362K, committed 448K, reserved 327680K
}
Event: 6.213 GC heap after
{Heap after GC invocations=1 (full 0):
 garbage-first heap   total 262144K, used 11637K [0x00000000e0000000, 0x0000000100000000)
  region size 1024K, 3 young (3072K), 3 survivors (3072K)
 Metaspace       used 3114K, committed 3328K, reserved 393216K
  class space    used 362K, committed 448K, reserved 327680K
}
Event: 10.515 GC heap before
{Heap before GC invocations=1 (full 0):
 garbage-first heap   total 262144K, used 40309K [0x00000000e0000000, 0x0000000100000000)
  region size 1024K, 30 young (30720K), 3 survivors (3072K)
 Metaspace       used 4656K, committed 4864K, reserved 393216K
  class space    used 571K, committed 704K, reserved 327680K
}
Event: 10.556 GC heap after
{Heap after GC invocations=2 (full 0):
 garbage-first heap   total 262144K, used 14908K [0x00000000e0000000, 0x0000000100000000)
  region size 1024K, 3 young (3072K), 3 survivors (3072K)
 Metaspace       used 4656K, committed 4864K, reserved 393216K
  class space    used 571K, committed 704K, reserved 327680K
}
Event: 68.025 GC heap before
{Heap before GC invocations=2 (full 0):
 garbage-first heap   total 262144K, used 125500K [0x00000000e0000000, 0x0000000100000000)
  region size 1024K, 112 young (114688K), 3 survivors (3072K)
 Metaspace       used 20869K, committed 21504K, reserved 393216K
  class space    used 2864K, committed 3136K, reserved 327680K
}
Event: 68.124 GC heap after
{Heap after GC invocations=3 (full 0):
 garbage-first heap   total 262144K, used 24439K [0x00000000e0000000, 0x0000000100000000)
  region size 1024K, 12 young (12288K), 12 survivors (12288K)
 Metaspace       used 20869K, committed 21504K, reserved 393216K
  class space    used 2864K, committed 3136K, reserved 327680K
}
Event: 93.958 GC heap before
{Heap before GC invocations=4 (full 0):
 garbage-first heap   total 262144K, used 127863K [0x00000000e0000000, 0x0000000100000000)
  region size 1024K, 115 young (117760K), 12 survivors (12288K)
 Metaspace       used 34588K, committed 35968K, reserved 393216K
  class space    used 4935K, committed 5632K, reserved 327680K
}
Event: 93.980 GC heap after
{Heap after GC invocations=5 (full 0):
 garbage-first heap   total 262144K, used 30802K [0x00000000e0000000, 0x0000000100000000)
  region size 1024K, 7 young (7168K), 7 survivors (7168K)
 Metaspace       used 34588K, committed 35968K, reserved 393216K
  class space    used 4935K, committed 5632K, reserved 327680K
}
Event: 94.026 GC heap before
{Heap before GC invocations=5 (full 0):
 garbage-first heap   total 262144K, used 31826K [0x00000000e0000000, 0x0000000100000000)
  region size 1024K, 9 young (9216K), 7 survivors (7168K)
 Metaspace       used 34873K, committed 36288K, reserved 393216K
  class space    used 4949K, committed 5696K, reserved 327680K
}
Event: 94.034 GC heap after
{Heap after GC invocations=6 (full 0):
 garbage-first heap   total 262144K, used 30801K [0x00000000e0000000, 0x0000000100000000)
  region size 1024K, 7 young (7168K), 7 survivors (7168K)
 Metaspace       used 34873K, committed 36288K, reserved 393216K
  class space    used 4949K, committed 5696K, reserved 327680K
}
Event: 94.289 GC heap before
{Heap before GC invocations=6 (full 0):
 garbage-first heap   total 262144K, used 33873K [0x00000000e0000000, 0x0000000100000000)
  region size 1024K, 11 young (11264K), 7 survivors (7168K)
 Metaspace       used 35242K, committed 36608K, reserved 393216K
  class space    used 4994K, committed 5696K, reserved 327680K
}
Event: 94.294 GC heap after
{Heap after GC invocations=7 (full 0):
 garbage-first heap   total 262144K, used 31262K [0x00000000e0000000, 0x0000000100000000)
  region size 1024K, 7 young (7168K), 7 survivors (7168K)
 Metaspace       used 35242K, committed 36608K, reserved 393216K
  class space    used 4994K, committed 5696K, reserved 327680K
}
Event: 247.034 GC heap before
{Heap before GC invocations=8 (full 0):
 garbage-first heap   total 262144K, used 176670K [0x00000000e0000000, 0x0000000100000000)
  region size 1024K, 149 young (152576K), 7 survivors (7168K)
 Metaspace       used 48610K, committed 50496K, reserved 393216K
  class space    used 7114K, committed 8064K, reserved 327680K
}
Event: 247.055 GC heap after
{Heap after GC invocations=9 (full 0):
 garbage-first heap   total 262144K, used 38707K [0x00000000e0000000, 0x0000000100000000)
  region size 1024K, 14 young (14336K), 14 survivors (14336K)
 Metaspace       used 48610K, committed 50496K, reserved 393216K
  class space    used 7114K, committed 8064K, reserved 327680K
}

