# JRE version: Java(TM) SE Runtime Environment (21.0.11+9) (build 21.0.11+9-LTS-211)
# Java VM: Java HotSpot(TM) 64-Bit Server VM (21.0.11+9-LTS-211, mixed mode, sharing, tiered, compressed oops, compressed class ptrs, g1 gc, windows-amd64)
GC Precious Log:
 CardTable entry size: 512
 Card Set container configuration: InlinePtr #cards 5 size 8 Array Of Cards #cards 12 size 40 Howl #buckets 4 coarsen threshold 1843 Howl Bitmap #cards 512 size 80 coarsen threshold 460 Card regions per heap region 1 cards per card region 2048
 CPUs: 12 total, 12 available
 Memory: 15690M
 Large Page Support: Disabled
 NUMA Support: Disabled
 Compressed Oops: Enabled (32-bit)
 Heap Region Size: 1M
 Heap Min Capacity: 256M
 Heap Initial Capacity: 256M
 Heap Max Capacity: 512M
 Pre-touch: Disabled
 Parallel Workers: 10
 Concurrent Workers: 3
 Concurrent Refinement Workers: 10
 Periodic GC: Disabled
Heap:
 garbage-first heap   total 262144K, used 40448K [0x00000000e0000000, 0x0000000100000000)
  region size 1024K, 18 young (18432K), 8 survivors (8192K)
 Metaspace       used 36786K, committed 38208K, reserved 393216K
  class space    used 5082K, committed 5824K, reserved 327680K
GC Heap History (14 events):
Event: 6.129 GC heap before
{Heap before GC invocations=0 (full 0):
 garbage-first heap   total 262144K, used 26624K [0x00000000e0000000, 0x0000000100000000)
  region size 1024K, 23 young (23552K), 0 survivors (0K)
 Metaspace       used 2967K, committed 3072K, reserved 393216K
  class space    used 341K, committed 384K, reserved 327680K
}
Event: 6.890 GC heap after
{Heap after GC invocations=1 (full 0):
 garbage-first heap   total 262144K, used 11423K [0x00000000e0000000, 0x0000000100000000)
  region size 1024K, 3 young (3072K), 3 survivors (3072K)
 Metaspace       used 2967K, committed 3072K, reserved 393216K
  class space    used 341K, committed 384K, reserved 327680K
}
Event: 13.849 GC heap before
{Heap before GC invocations=1 (full 0):
 garbage-first heap   total 262144K, used 42143K [0x00000000e0000000, 0x0000000100000000)
  region size 1024K, 31 young (31744K), 3 survivors (3072K)
 Metaspace       used 4669K, committed 4928K, reserved 393216K
  class space    used 571K, committed 704K, reserved 327680K
}
Event: 13.876 GC heap after
{Heap after GC invocations=2 (full 0):
 garbage-first heap   total 262144K, used 15583K [0x00000000e0000000, 0x0000000100000000)
  region size 1024K, 3 young (3072K), 3 survivors (3072K)
 Metaspace       used 4669K, committed 4928K, reserved 393216K
  class space    used 571K, committed 704K, reserved 327680K
}
Event: 58.745 GC heap before
{Heap before GC invocations=2 (full 0):
 garbage-first heap   total 262144K, used 103647K [0x00000000e0000000, 0x0000000100000000)
  region size 1024K, 89 young (91136K), 3 survivors (3072K)
 Metaspace       used 17122K, committed 17664K, reserved 393216K
  class space    used 2214K, committed 2496K, reserved 327680K
}
Event: 58.773 GC heap after
{Heap after GC invocations=3 (full 0):
 garbage-first heap   total 262144K, used 23278K [0x00000000e0000000, 0x0000000100000000)
  region size 1024K, 11 young (11264K), 11 survivors (11264K)
 Metaspace       used 17122K, committed 17664K, reserved 393216K
  class space    used 2214K, committed 2496K, reserved 327680K
}
Event: 72.571 GC heap before
{Heap before GC invocations=3 (full 0):
 garbage-first heap   total 262144K, used 51950K [0x00000000e0000000, 0x0000000100000000)
  region size 1024K, 40 young (40960K), 11 survivors (11264K)
 Metaspace       used 20847K, committed 21504K, reserved 393216K
  class space    used 2830K, committed 3136K, reserved 327680K
}
Event: 72.582 GC heap after
{Heap after GC invocations=4 (full 0):
 garbage-first heap   total 262144K, used 25211K [0x00000000e0000000, 0x0000000100000000)
  region size 1024K, 2 young (2048K), 2 survivors (2048K)
 Metaspace       used 20847K, committed 21504K, reserved 393216K
  class space    used 2830K, committed 3136K, reserved 327680K
}
Event: 107.938 GC heap before
{Heap before GC invocations=5 (full 0):
 garbage-first heap   total 262144K, used 130683K [0x00000000e0000000, 0x0000000100000000)
  region size 1024K, 105 young (107520K), 2 survivors (2048K)
 Metaspace       used 34843K, committed 36096K, reserved 393216K
  class space    used 4818K, committed 5440K, reserved 327680K
}
Event: 107.947 GC heap after
{Heap after GC invocations=6 (full 0):
 garbage-first heap   total 262144K, used 30770K [0x00000000e0000000, 0x0000000100000000)
  region size 1024K, 8 young (8192K), 8 survivors (8192K)
 Metaspace       used 34843K, committed 36096K, reserved 393216K
  class space    used 4818K, committed 5440K, reserved 327680K
}
Event: 109.049 GC heap before
{Heap before GC invocations=6 (full 0):
 garbage-first heap   total 262144K, used 31794K [0x00000000e0000000, 0x0000000100000000)
  region size 1024K, 10 young (10240K), 8 survivors (8192K)
 Metaspace       used 35027K, committed 36416K, reserved 393216K
  class space    used 4852K, committed 5568K, reserved 327680K
}
Event: 109.061 GC heap after
{Heap after GC invocations=7 (full 0):
 garbage-first heap   total 262144K, used 30906K [0x00000000e0000000, 0x0000000100000000)
  region size 1024K, 8 young (8192K), 8 survivors (8192K)
 Metaspace       used 35027K, committed 36416K, reserved 393216K
  class space    used 4852K, committed 5568K, reserved 327680K
}
Event: 109.790 GC heap before
{Heap before GC invocations=7 (full 0):
 garbage-first heap   total 262144K, used 32954K [0x00000000e0000000, 0x0000000100000000)
  region size 1024K, 11 young (11264K), 8 survivors (8192K)
 Metaspace       used 35395K, committed 36736K, reserved 393216K
  class space    used 4877K, committed 5568K, reserved 327680K
}
Event: 109.796 GC heap after
{Heap after GC invocations=8 (full 0):
 garbage-first heap   total 262144K, used 31232K [0x00000000e0000000, 0x0000000100000000)
  region size 1024K, 8 young (8192K), 8 survivors (8192K)
 Metaspace       used 35395K, committed 36736K, reserved 393216K
  class space    used 4877K, committed 5568K, reserved 327680K
}

