# JRE version: Java(TM) SE Runtime Environment (21.0.11+9) (build 21.0.11+9-LTS-211)
# Java VM: Java HotSpot(TM) 64-Bit Server VM (21.0.11+9-LTS-211, mixed mode, sharing, tiered, compressed oops, compressed class ptrs, g1 gc, windows-amd64)
GC Precious Log:
 CardTable entry size: 512
 Card Set container configuration: InlinePtr #cards 5 size 8 Array Of Cards #cards 12 size 40 Howl #buckets 4 coarsen threshold 1843 Howl Bitmap #cards 512 size 80 coarsen threshold 460 Card regions per heap region 1 cards per card region 2048
 CPUs: 12 total, 12 available
 Memory: 15690M
 Large Page Support: Disabled
 NUMA Support: Disabled
 Compressed Oops: Enabled (32-bit)
 Heap Region Size: 1M
 Heap Min Capacity: 256M
 Heap Initial Capacity: 256M
 Heap Max Capacity: 512M
 Pre-touch: Disabled
 Parallel Workers: 10
 Concurrent Workers: 3
 Concurrent Refinement Workers: 10
 Periodic GC: Disabled
Heap:
 garbage-first heap   total 262144K, used 134556K [0x00000000e0000000, 0x0000000100000000)
  region size 1024K, 109 young (111616K), 9 survivors (9216K)
 Metaspace       used 47849K, committed 49792K, reserved 393216K
  class space    used 6909K, committed 7872K, reserved 327680K
GC Heap History (12 events):
Event: 1.430 GC heap before
{Heap before GC invocations=0 (full 0):
 garbage-first heap   total 262144K, used 26624K [0x00000000e0000000, 0x0000000100000000)
  region size 1024K, 23 young (23552K), 0 survivors (0K)
 Metaspace       used 3073K, committed 3264K, reserved 393216K
  class space    used 359K, committed 448K, reserved 327680K
}
Event: 1.794 GC heap after
{Heap after GC invocations=1 (full 0):
 garbage-first heap   total 262144K, used 10986K [0x00000000e0000000, 0x0000000100000000)
  region size 1024K, 3 young (3072K), 3 survivors (3072K)
 Metaspace       used 3073K, committed 3264K, reserved 393216K
  class space    used 359K, committed 448K, reserved 327680K
}
Event: 3.617 GC heap before
{Heap before GC invocations=1 (full 0):
 garbage-first heap   total 262144K, used 40682K [0x00000000e0000000, 0x0000000100000000)
  region size 1024K, 30 young (30720K), 3 survivors (3072K)
 Metaspace       used 4611K, committed 4864K, reserved 393216K
  class space    used 572K, committed 704K, reserved 327680K
}
Event: 3.624 GC heap after
{Heap after GC invocations=2 (full 0):
 garbage-first heap   total 262144K, used 14449K [0x00000000e0000000, 0x0000000100000000)
  region size 1024K, 3 young (3072K), 3 survivors (3072K)
 Metaspace       used 4611K, committed 4864K, reserved 393216K
  class space    used 572K, committed 704K, reserved 327680K
}
Event: 45.676 GC heap before
{Heap before GC invocations=2 (full 0):
 garbage-first heap   total 262144K, used 125041K [0x00000000e0000000, 0x0000000100000000)
  region size 1024K, 112 young (114688K), 3 survivors (3072K)
 Metaspace       used 20829K, committed 21504K, reserved 393216K
  class space    used 2878K, committed 3200K, reserved 327680K
}
Event: 45.689 GC heap after
{Heap after GC invocations=3 (full 0):
 garbage-first heap   total 262144K, used 24301K [0x00000000e0000000, 0x0000000100000000)
  region size 1024K, 12 young (12288K), 12 survivors (12288K)
 Metaspace       used 20829K, committed 21504K, reserved 393216K
  class space    used 2878K, committed 3200K, reserved 327680K
}
Event: 60.889 GC heap before
{Heap before GC invocations=4 (full 0):
 garbage-first heap   total 262144K, used 142061K [0x00000000e0000000, 0x0000000100000000)
  region size 1024K, 126 young (129024K), 12 survivors (12288K)
 Metaspace       used 37093K, committed 38528K, reserved 393216K
  class space    used 5193K, committed 5888K, reserved 327680K
}
Event: 60.899 GC heap after
{Heap after GC invocations=5 (full 0):
 garbage-first heap   total 262144K, used 31669K [0x00000000e0000000, 0x0000000100000000)
  region size 1024K, 8 young (8192K), 8 survivors (8192K)
 Metaspace       used 37093K, committed 38528K, reserved 393216K
  class space    used 5193K, committed 5888K, reserved 327680K
}
Event: 61.060 GC heap before
{Heap before GC invocations=5 (full 0):
 garbage-first heap   total 262144K, used 38837K [0x00000000e0000000, 0x0000000100000000)
  region size 1024K, 16 young (16384K), 8 survivors (8192K)
 Metaspace       used 37871K, committed 39360K, reserved 393216K
  class space    used 5314K, committed 6080K, reserved 327680K
}
Event: 61.068 GC heap after
{Heap after GC invocations=6 (full 0):
 garbage-first heap   total 262144K, used 32579K [0x00000000e0000000, 0x0000000100000000)
  region size 1024K, 9 young (9216K), 9 survivors (9216K)
 Metaspace       used 37871K, committed 39360K, reserved 393216K
  class space    used 5314K, committed 6080K, reserved 327680K
}
Event: 61.203 GC heap before
{Heap before GC invocations=6 (full 0):
 garbage-first heap   total 262144K, used 36675K [0x00000000e0000000, 0x0000000100000000)
  region size 1024K, 14 young (14336K), 9 survivors (9216K)
 Metaspace       used 38247K, committed 39680K, reserved 393216K
  class space    used 5368K, committed 6080K, reserved 327680K
}
Event: 61.209 GC heap after
{Heap after GC invocations=7 (full 0):
 garbage-first heap   total 262144K, used 33180K [0x00000000e0000000, 0x0000000100000000)
  region size 1024K, 9 young (9216K), 9 survivors (9216K)
 Metaspace       used 38247K, committed 39680K, reserved 393216K
  class space    used 5368K, committed 6080K, reserved 327680K
}

