# JRE version: Java(TM) SE Runtime Environment (21.0.11+9) (build 21.0.11+9-LTS-211)
# Java VM: Java HotSpot(TM) 64-Bit Server VM (21.0.11+9-LTS-211, mixed mode, sharing, tiered, compressed oops, compressed class ptrs, g1 gc, windows-amd64)
GC Precious Log:
 CardTable entry size: 512
 Card Set container configuration: InlinePtr #cards 5 size 8 Array Of Cards #cards 12 size 40 Howl #buckets 4 coarsen threshold 1843 Howl Bitmap #cards 512 size 80 coarsen threshold 460 Card regions per heap region 1 cards per card region 2048
 CPUs: 12 total, 12 available
 Memory: 15690M
 Large Page Support: Disabled
 NUMA Support: Disabled
 Compressed Oops: Enabled (32-bit)
 Heap Region Size: 1M
 Heap Min Capacity: 256M
 Heap Initial Capacity: 256M
 Heap Max Capacity: 512M
 Pre-touch: Disabled
 Parallel Workers: 10
 Concurrent Workers: 3
 Concurrent Refinement Workers: 10
 Periodic GC: Disabled
Heap:
 garbage-first heap   total 262144K, used 78258K [0x00000000e0000000, 0x0000000100000000)
  region size 1024K, 55 young (56320K), 10 survivors (10240K)
 Metaspace       used 44305K, committed 46080K, reserved 393216K
  class space    used 6330K, committed 7232K, reserved 327680K
GC Heap History (12 events):
Event: 6.466 GC heap before
{Heap before GC invocations=0 (full 0):
 garbage-first heap   total 262144K, used 26624K [0x00000000e0000000, 0x0000000100000000)
  region size 1024K, 23 young (23552K), 0 survivors (0K)
 Metaspace       used 3064K, committed 3200K, reserved 393216K
  class space    used 357K, committed 448K, reserved 327680K
}
Event: 6.576 GC heap after
{Heap after GC invocations=1 (full 0):
 garbage-first heap   total 262144K, used 11154K [0x00000000e0000000, 0x0000000100000000)
  region size 1024K, 3 young (3072K), 3 survivors (3072K)
 Metaspace       used 3064K, committed 3200K, reserved 393216K
  class space    used 357K, committed 448K, reserved 327680K
}
Event: 7.811 GC heap before
{Heap before GC invocations=1 (full 0):
 garbage-first heap   total 262144K, used 41874K [0x00000000e0000000, 0x0000000100000000)
  region size 1024K, 31 young (31744K), 3 survivors (3072K)
 Metaspace       used 4647K, committed 4864K, reserved 393216K
  class space    used 571K, committed 704K, reserved 327680K
}
Event: 7.816 GC heap after
{Heap after GC invocations=2 (full 0):
 garbage-first heap   total 262144K, used 15317K [0x00000000e0000000, 0x0000000100000000)
  region size 1024K, 4 young (4096K), 4 survivors (4096K)
 Metaspace       used 4647K, committed 4864K, reserved 393216K
  class space    used 571K, committed 704K, reserved 327680K
}
Event: 18.884 GC heap before
{Heap before GC invocations=2 (full 0):
 garbage-first heap   total 262144K, used 124885K [0x00000000e0000000, 0x0000000100000000)
  region size 1024K, 112 young (114688K), 4 survivors (4096K)
 Metaspace       used 20878K, committed 21504K, reserved 393216K
  class space    used 2887K, committed 3200K, reserved 327680K
}
Event: 19.308 GC heap after
{Heap after GC invocations=3 (full 0):
 garbage-first heap   total 262144K, used 24633K [0x00000000e0000000, 0x0000000100000000)
  region size 1024K, 13 young (13312K), 13 survivors (13312K)
 Metaspace       used 20878K, committed 21504K, reserved 393216K
  class space    used 2887K, committed 3200K, reserved 327680K
}
Event: 46.120 GC heap before
{Heap before GC invocations=4 (full 0):
 garbage-first heap   total 262144K, used 146489K [0x00000000e0000000, 0x0000000100000000)
  region size 1024K, 130 young (133120K), 13 survivors (13312K)
 Metaspace       used 37409K, committed 38784K, reserved 393216K
  class space    used 5214K, committed 5888K, reserved 327680K
}
Event: 46.135 GC heap after
{Heap after GC invocations=5 (full 0):
 garbage-first heap   total 262144K, used 32119K [0x00000000e0000000, 0x0000000100000000)
  region size 1024K, 17 young (17408K), 17 survivors (17408K)
 Metaspace       used 37409K, committed 38784K, reserved 393216K
  class space    used 5214K, committed 5888K, reserved 327680K
}
Event: 47.585 GC heap before
{Heap before GC invocations=5 (full 0):
 garbage-first heap   total 262144K, used 49527K [0x00000000e0000000, 0x0000000100000000)
  region size 1024K, 35 young (35840K), 17 survivors (17408K)
 Metaspace       used 39274K, committed 40768K, reserved 393216K
  class space    used 5513K, committed 6272K, reserved 327680K
}
Event: 47.597 GC heap after
{Heap after GC invocations=6 (full 0):
 garbage-first heap   total 262144K, used 33077K [0x00000000e0000000, 0x0000000100000000)
  region size 1024K, 10 young (10240K), 10 survivors (10240K)
 Metaspace       used 39274K, committed 40768K, reserved 393216K
  class space    used 5513K, committed 6272K, reserved 327680K
}
Event: 47.731 GC heap before
{Heap before GC invocations=6 (full 0):
 garbage-first heap   total 262144K, used 36149K [0x00000000e0000000, 0x0000000100000000)
  region size 1024K, 14 young (14336K), 10 survivors (10240K)
 Metaspace       used 39599K, committed 41088K, reserved 393216K
  class space    used 5568K, committed 6336K, reserved 327680K
}
Event: 47.736 GC heap after
{Heap after GC invocations=7 (full 0):
 garbage-first heap   total 262144K, used 33202K [0x00000000e0000000, 0x0000000100000000)
  region size 1024K, 10 young (10240K), 10 survivors (10240K)
 Metaspace       used 39599K, committed 41088K, reserved 393216K
  class space    used 5568K, committed 6336K, reserved 327680K
}

