# JRE version: Java(TM) SE Runtime Environment (21.0.11+9) (build 21.0.11+9-LTS-211)
# Java VM: Java HotSpot(TM) 64-Bit Server VM (21.0.11+9-LTS-211, mixed mode, sharing, tiered, compressed oops, compressed class ptrs, g1 gc, windows-amd64)
GC Precious Log:
 CardTable entry size: 512
 Card Set container configuration: InlinePtr #cards 5 size 8 Array Of Cards #cards 12 size 40 Howl #buckets 4 coarsen threshold 1843 Howl Bitmap #cards 512 size 80 coarsen threshold 460 Card regions per heap region 1 cards per card region 2048
 CPUs: 12 total, 12 available
 Memory: 15690M
 Large Page Support: Disabled
 NUMA Support: Disabled
 Compressed Oops: Enabled (32-bit)
 Heap Region Size: 1M
 Heap Min Capacity: 256M
 Heap Initial Capacity: 256M
 Heap Max Capacity: 512M
 Pre-touch: Disabled
 Parallel Workers: 10
 Concurrent Workers: 3
 Concurrent Refinement Workers: 10
 Periodic GC: Disabled
Heap:
 garbage-first heap   total 262144K, used 61230K [0x00000000e0000000, 0x0000000100000000)
  region size 1024K, 37 young (37888K), 15 survivors (15360K)
 Metaspace       used 50365K, committed 52352K, reserved 393216K
  class space    used 7459K, committed 8448K, reserved 327680K
GC Heap History (14 events):
Event: 2.322 GC heap before
{Heap before GC invocations=0 (full 0):
 garbage-first heap   total 262144K, used 26624K [0x00000000e0000000, 0x0000000100000000)
  region size 1024K, 23 young (23552K), 0 survivors (0K)
 Metaspace       used 3075K, committed 3264K, reserved 393216K
  class space    used 356K, committed 448K, reserved 327680K
}
Event: 2.928 GC heap after
{Heap after GC invocations=1 (full 0):
 garbage-first heap   total 262144K, used 10986K [0x00000000e0000000, 0x0000000100000000)
  region size 1024K, 3 young (3072K), 3 survivors (3072K)
 Metaspace       used 3075K, committed 3264K, reserved 393216K
  class space    used 356K, committed 448K, reserved 327680K
}
Event: 8.790 GC heap before
{Heap before GC invocations=1 (full 0):
 garbage-first heap   total 262144K, used 40682K [0x00000000e0000000, 0x0000000100000000)
  region size 1024K, 31 young (31744K), 3 survivors (3072K)
 Metaspace       used 4667K, committed 4928K, reserved 393216K
  class space    used 571K, committed 704K, reserved 327680K
}
Event: 8.812 GC heap after
{Heap after GC invocations=2 (full 0):
 garbage-first heap   total 262144K, used 15145K [0x00000000e0000000, 0x0000000100000000)
  region size 1024K, 3 young (3072K), 3 survivors (3072K)
 Metaspace       used 4667K, committed 4928K, reserved 393216K
  class space    used 571K, committed 704K, reserved 327680K
}
Event: 43.932 GC heap before
{Heap before GC invocations=2 (full 0):
 garbage-first heap   total 262144K, used 122665K [0x00000000e0000000, 0x0000000100000000)
  region size 1024K, 109 young (111616K), 3 survivors (3072K)
 Metaspace       used 20856K, committed 21504K, reserved 393216K
  class space    used 2878K, committed 3200K, reserved 327680K
}
Event: 44.760 GC heap after
{Heap after GC invocations=3 (full 0):
 garbage-first heap   total 262144K, used 24479K [0x00000000e0000000, 0x0000000100000000)
  region size 1024K, 13 young (13312K), 13 survivors (13312K)
 Metaspace       used 20856K, committed 21504K, reserved 393216K
  class space    used 2878K, committed 3200K, reserved 327680K
}
Event: 83.477 GC heap before
{Heap before GC invocations=4 (full 0):
 garbage-first heap   total 262144K, used 126879K [0x00000000e0000000, 0x0000000100000000)
  region size 1024K, 115 young (117760K), 13 survivors (13312K)
 Metaspace       used 34608K, committed 35968K, reserved 393216K
  class space    used 4945K, committed 5632K, reserved 327680K
}
Event: 83.500 GC heap after
{Heap after GC invocations=5 (full 0):
 garbage-first heap   total 262144K, used 30498K [0x00000000e0000000, 0x0000000100000000)
  region size 1024K, 7 young (7168K), 7 survivors (7168K)
 Metaspace       used 34608K, committed 35968K, reserved 393216K
  class space    used 4945K, committed 5632K, reserved 327680K
}
Event: 83.826 GC heap before
{Heap before GC invocations=5 (full 0):
 garbage-first heap   total 262144K, used 31522K [0x00000000e0000000, 0x0000000100000000)
  region size 1024K, 9 young (9216K), 7 survivors (7168K)
 Metaspace       used 34915K, committed 36288K, reserved 393216K
  class space    used 4977K, committed 5632K, reserved 327680K
}
Event: 83.834 GC heap after
{Heap after GC invocations=6 (full 0):
 garbage-first heap   total 262144K, used 31175K [0x00000000e0000000, 0x0000000100000000)
  region size 1024K, 7 young (7168K), 7 survivors (7168K)
 Metaspace       used 34915K, committed 36288K, reserved 393216K
  class space    used 4977K, committed 5632K, reserved 327680K
}
Event: 84.028 GC heap before
{Heap before GC invocations=6 (full 0):
 garbage-first heap   total 262144K, used 32199K [0x00000000e0000000, 0x0000000100000000)
  region size 1024K, 9 young (9216K), 7 survivors (7168K)
 Metaspace       used 35272K, committed 36608K, reserved 393216K
  class space    used 5026K, committed 5696K, reserved 327680K
}
Event: 84.059 GC heap after
{Heap after GC invocations=7 (full 0):
 garbage-first heap   total 262144K, used 32165K [0x00000000e0000000, 0x0000000100000000)
  region size 1024K, 8 young (8192K), 8 survivors (8192K)
 Metaspace       used 35272K, committed 36608K, reserved 393216K
  class space    used 5026K, committed 5696K, reserved 327680K
}
Event: 242.104 GC heap before
{Heap before GC invocations=8 (full 0):
 garbage-first heap   total 262144K, used 179621K [0x00000000e0000000, 0x0000000100000000)
  region size 1024K, 153 young (156672K), 8 survivors (8192K)
 Metaspace       used 48203K, committed 50112K, reserved 393216K
  class space    used 7074K, committed 8000K, reserved 327680K
}
Event: 242.135 GC heap after
{Heap after GC invocations=9 (full 0):
 garbage-first heap   total 262144K, used 39726K [0x00000000e0000000, 0x0000000100000000)
  region size 1024K, 15 young (15360K), 15 survivors (15360K)
 Metaspace       used 48203K, committed 50112K, reserved 393216K
  class space    used 7074K, committed 8000K, reserved 327680K
}

