# JRE version: Java(TM) SE Runtime Environment (21.0.11+9) (build 21.0.11+9-LTS-211)
# Java VM: Java HotSpot(TM) 64-Bit Server VM (21.0.11+9-LTS-211, mixed mode, sharing, tiered, compressed oops, compressed class ptrs, g1 gc, windows-amd64)
GC Precious Log:
 CardTable entry size: 512
 Card Set container configuration: InlinePtr #cards 5 size 8 Array Of Cards #cards 12 size 40 Howl #buckets 4 coarsen threshold 1843 Howl Bitmap #cards 512 size 80 coarsen threshold 460 Card regions per heap region 1 cards per card region 2048
 CPUs: 12 total, 12 available
 Memory: 15690M
 Large Page Support: Disabled
 NUMA Support: Disabled
 Compressed Oops: Enabled (32-bit)
 Heap Region Size: 1M
 Heap Min Capacity: 256M
 Heap Initial Capacity: 256M
 Heap Max Capacity: 512M
 Pre-touch: Disabled
 Parallel Workers: 10
 Concurrent Workers: 3
 Concurrent Refinement Workers: 10
 Periodic GC: Disabled
Heap:
 garbage-first heap   total 262144K, used 56522K [0x00000000e0000000, 0x0000000100000000)
  region size 1024K, 34 young (34816K), 15 survivors (15360K)
 Metaspace       used 48692K, committed 50688K, reserved 393216K
  class space    used 7142K, committed 8128K, reserved 327680K
GC Heap History (10 events):
Event: 5.552 GC heap before
{Heap before GC invocations=0 (full 0):
 garbage-first heap   total 262144K, used 26624K [0x00000000e0000000, 0x0000000100000000)
  region size 1024K, 23 young (23552K), 0 survivors (0K)
 Metaspace       used 3080K, committed 3200K, reserved 393216K
  class space    used 359K, committed 448K, reserved 327680K
}
Event: 7.296 GC heap after
{Heap after GC invocations=1 (full 0):
 garbage-first heap   total 262144K, used 10986K [0x00000000e0000000, 0x0000000100000000)
  region size 1024K, 3 young (3072K), 3 survivors (3072K)
 Metaspace       used 3080K, committed 3200K, reserved 393216K
  class space    used 359K, committed 448K, reserved 327680K
}
Event: 11.451 GC heap before
{Heap before GC invocations=1 (full 0):
 garbage-first heap   total 262144K, used 39658K [0x00000000e0000000, 0x0000000100000000)
  region size 1024K, 29 young (29696K), 3 survivors (3072K)
 Metaspace       used 4613K, committed 4864K, reserved 393216K
  class space    used 571K, committed 704K, reserved 327680K
}
Event: 11.475 GC heap after
{Heap after GC invocations=2 (full 0):
 garbage-first heap   total 262144K, used 15086K [0x00000000e0000000, 0x0000000100000000)
  region size 1024K, 2 young (2048K), 2 survivors (2048K)
 Metaspace       used 4613K, committed 4864K, reserved 393216K
  class space    used 571K, committed 704K, reserved 327680K
}
Event: 41.979 GC heap before
{Heap before GC invocations=2 (full 0):
 garbage-first heap   total 262144K, used 125678K [0x00000000e0000000, 0x0000000100000000)
  region size 1024K, 111 young (113664K), 2 survivors (2048K)
 Metaspace       used 20888K, committed 21504K, reserved 393216K
  class space    used 2890K, committed 3200K, reserved 327680K
}
Event: 42.895 GC heap after
{Heap after GC invocations=3 (full 0):
 garbage-first heap   total 262144K, used 24403K [0x00000000e0000000, 0x0000000100000000)
  region size 1024K, 12 young (12288K), 12 survivors (12288K)
 Metaspace       used 20888K, committed 21504K, reserved 393216K
  class space    used 2890K, committed 3200K, reserved 327680K
}
Event: 99.458 GC heap before
{Heap before GC invocations=4 (full 0):
 garbage-first heap   total 262144K, used 127827K [0x00000000e0000000, 0x0000000100000000)
  region size 1024K, 115 young (117760K), 12 survivors (12288K)
 Metaspace       used 34569K, committed 35968K, reserved 393216K
  class space    used 4946K, committed 5632K, reserved 327680K
}
Event: 99.480 GC heap after
{Heap after GC invocations=5 (full 0):
 garbage-first heap   total 262144K, used 30597K [0x00000000e0000000, 0x0000000100000000)
  region size 1024K, 7 young (7168K), 7 survivors (7168K)
 Metaspace       used 34569K, committed 35968K, reserved 393216K
  class space    used 4946K, committed 5632K, reserved 327680K
}
Event: 171.821 GC heap before
{Heap before GC invocations=6 (full 0):
 garbage-first heap   total 262144K, used 156549K [0x00000000e0000000, 0x0000000100000000)
  region size 1024K, 130 young (133120K), 7 survivors (7168K)
 Metaspace       used 47350K, committed 49280K, reserved 393216K
  class space    used 6942K, committed 7872K, reserved 327680K
}
Event: 171.866 GC heap after
{Heap after GC invocations=7 (full 0):
 garbage-first heap   total 262144K, used 39114K [0x00000000e0000000, 0x0000000100000000)
  region size 1024K, 15 young (15360K), 15 survivors (15360K)
 Metaspace       used 47350K, committed 49280K, reserved 393216K
  class space    used 6942K, committed 7872K, reserved 327680K
}

