# JRE version: Java(TM) SE Runtime Environment (21.0.11+9) (build 21.0.11+9-LTS-211)
# Java VM: Java HotSpot(TM) 64-Bit Server VM (21.0.11+9-LTS-211, mixed mode, sharing, tiered, compressed oops, compressed class ptrs, g1 gc, windows-amd64)
GC Precious Log:
 CardTable entry size: 512
 Card Set container configuration: InlinePtr #cards 5 size 8 Array Of Cards #cards 12 size 40 Howl #buckets 4 coarsen threshold 1843 Howl Bitmap #cards 512 size 80 coarsen threshold 460 Card regions per heap region 1 cards per card region 2048
 CPUs: 12 total, 12 available
 Memory: 15690M
 Large Page Support: Disabled
 NUMA Support: Disabled
 Compressed Oops: Enabled (32-bit)
 Heap Region Size: 1M
 Heap Min Capacity: 256M
 Heap Initial Capacity: 256M
 Heap Max Capacity: 512M
 Pre-touch: Disabled
 Parallel Workers: 10
 Concurrent Workers: 3
 Concurrent Refinement Workers: 10
 Periodic GC: Disabled
Heap:
 garbage-first heap   total 262144K, used 87270K [0x00000000e0000000, 0x0000000100000000)
  region size 1024K, 66 young (67584K), 8 survivors (8192K)
 Metaspace       used 39933K, committed 41536K, reserved 393216K
  class space    used 5561K, committed 6336K, reserved 327680K
GC Heap History (14 events):
Event: 5.291 GC heap before
{Heap before GC invocations=0 (full 0):
 garbage-first heap   total 262144K, used 26624K [0x00000000e0000000, 0x0000000100000000)
  region size 1024K, 23 young (23552K), 0 survivors (0K)
 Metaspace       used 2959K, committed 3072K, reserved 393216K
  class space    used 339K, committed 384K, reserved 327680K
}
Event: 5.875 GC heap after
{Heap after GC invocations=1 (full 0):
 garbage-first heap   total 262144K, used 10838K [0x00000000e0000000, 0x0000000100000000)
  region size 1024K, 3 young (3072K), 3 survivors (3072K)
 Metaspace       used 2959K, committed 3072K, reserved 393216K
  class space    used 339K, committed 384K, reserved 327680K
}
Event: 9.898 GC heap before
{Heap before GC invocations=1 (full 0):
 garbage-first heap   total 262144K, used 40534K [0x00000000e0000000, 0x0000000100000000)
  region size 1024K, 30 young (30720K), 3 survivors (3072K)
 Metaspace       used 4633K, committed 4864K, reserved 393216K
  class space    used 573K, committed 704K, reserved 327680K
}
Event: 9.924 GC heap after
{Heap after GC invocations=2 (full 0):
 garbage-first heap   total 262144K, used 14046K [0x00000000e0000000, 0x0000000100000000)
  region size 1024K, 2 young (2048K), 2 survivors (2048K)
 Metaspace       used 4633K, committed 4864K, reserved 393216K
  class space    used 573K, committed 704K, reserved 327680K
}
Event: 61.326 GC heap before
{Heap before GC invocations=2 (full 0):
 garbage-first heap   total 262144K, used 106206K [0x00000000e0000000, 0x0000000100000000)
  region size 1024K, 92 young (94208K), 2 survivors (2048K)
 Metaspace       used 18209K, committed 18752K, reserved 393216K
  class space    used 2432K, committed 2688K, reserved 327680K
}
Event: 61.422 GC heap after
{Heap after GC invocations=3 (full 0):
 garbage-first heap   total 262144K, used 22896K [0x00000000e0000000, 0x0000000100000000)
  region size 1024K, 11 young (11264K), 11 survivors (11264K)
 Metaspace       used 18209K, committed 18752K, reserved 393216K
  class space    used 2432K, committed 2688K, reserved 327680K
}
Event: 63.300 GC heap before
{Heap before GC invocations=3 (full 0):
 garbage-first heap   total 262144K, used 43376K [0x00000000e0000000, 0x0000000100000000)
  region size 1024K, 32 young (32768K), 11 survivors (11264K)
 Metaspace       used 20853K, committed 21504K, reserved 393216K
  class space    used 2867K, committed 3136K, reserved 327680K
}
Event: 63.306 GC heap after
{Heap after GC invocations=4 (full 0):
 garbage-first heap   total 262144K, used 24581K [0x00000000e0000000, 0x0000000100000000)
  region size 1024K, 2 young (2048K), 2 survivors (2048K)
 Metaspace       used 20853K, committed 21504K, reserved 393216K
  class space    used 2867K, committed 3136K, reserved 327680K
}
Event: 99.013 GC heap before
{Heap before GC invocations=5 (full 0):
 garbage-first heap   total 262144K, used 143365K [0x00000000e0000000, 0x0000000100000000)
  region size 1024K, 118 young (120832K), 2 survivors (2048K)
 Metaspace       used 34546K, committed 35968K, reserved 393216K
  class space    used 4889K, committed 5632K, reserved 327680K
}
Event: 99.025 GC heap after
{Heap after GC invocations=6 (full 0):
 garbage-first heap   total 262144K, used 29740K [0x00000000e0000000, 0x0000000100000000)
  region size 1024K, 7 young (7168K), 7 survivors (7168K)
 Metaspace       used 34546K, committed 35968K, reserved 393216K
  class space    used 4889K, committed 5632K, reserved 327680K
}
Event: 99.114 GC heap before
{Heap before GC invocations=6 (full 0):
 garbage-first heap   total 262144K, used 30764K [0x00000000e0000000, 0x0000000100000000)
  region size 1024K, 9 young (9216K), 7 survivors (7168K)
 Metaspace       used 34844K, committed 36288K, reserved 393216K
  class space    used 4921K, committed 5632K, reserved 327680K
}
Event: 99.123 GC heap after
{Heap after GC invocations=7 (full 0):
 garbage-first heap   total 262144K, used 29780K [0x00000000e0000000, 0x0000000100000000)
  region size 1024K, 8 young (8192K), 8 survivors (8192K)
 Metaspace       used 34844K, committed 36288K, reserved 393216K
  class space    used 4921K, committed 5632K, reserved 327680K
}
Event: 99.580 GC heap before
{Heap before GC invocations=7 (full 0):
 garbage-first heap   total 262144K, used 30804K [0x00000000e0000000, 0x0000000100000000)
  region size 1024K, 10 young (10240K), 8 survivors (8192K)
 Metaspace       used 35186K, committed 36608K, reserved 393216K
  class space    used 4961K, committed 5696K, reserved 327680K
}
Event: 99.588 GC heap after
{Heap after GC invocations=8 (full 0):
 garbage-first heap   total 262144K, used 29926K [0x00000000e0000000, 0x0000000100000000)
  region size 1024K, 8 young (8192K), 8 survivors (8192K)
 Metaspace       used 35186K, committed 36608K, reserved 393216K
  class space    used 4961K, committed 5696K, reserved 327680K
}

