# JRE version: Java(TM) SE Runtime Environment (21.0.11+9) (build 21.0.11+9-LTS-211)
# Java VM: Java HotSpot(TM) 64-Bit Server VM (21.0.11+9-LTS-211, mixed mode, sharing, tiered, compressed oops, compressed class ptrs, g1 gc, windows-amd64)
GC Precious Log:
 CardTable entry size: 512
 Card Set container configuration: InlinePtr #cards 5 size 8 Array Of Cards #cards 12 size 40 Howl #buckets 4 coarsen threshold 1843 Howl Bitmap #cards 512 size 80 coarsen threshold 460 Card regions per heap region 1 cards per card region 2048
 CPUs: 12 total, 12 available
 Memory: 15690M
 Large Page Support: Disabled
 NUMA Support: Disabled
 Compressed Oops: Enabled (32-bit)
 Heap Region Size: 1M
 Heap Min Capacity: 256M
 Heap Initial Capacity: 256M
 Heap Max Capacity: 512M
 Pre-touch: Disabled
 Parallel Workers: 10
 Concurrent Workers: 3
 Concurrent Refinement Workers: 10
 Periodic GC: Disabled
Heap:
 garbage-first heap   total 262144K, used 104722K [0x00000000e0000000, 0x0000000100000000)
  region size 1024K, 82 young (83968K), 15 survivors (15360K)
 Metaspace       used 53627K, committed 55808K, reserved 393216K
  class space    used 7885K, committed 8960K, reserved 327680K
GC Heap History (12 events):
Event: 2.797 GC heap before
{Heap before GC invocations=0 (full 0):
 garbage-first heap   total 262144K, used 26624K [0x00000000e0000000, 0x0000000100000000)
  region size 1024K, 23 young (23552K), 0 survivors (0K)
 Metaspace       used 2965K, committed 3072K, reserved 393216K
  class space    used 338K, committed 384K, reserved 327680K
}
Event: 2.811 GC heap after
{Heap after GC invocations=1 (full 0):
 garbage-first heap   total 262144K, used 11264K [0x00000000e0000000, 0x0000000100000000)
  region size 1024K, 3 young (3072K), 3 survivors (3072K)
 Metaspace       used 2965K, committed 3072K, reserved 393216K
  class space    used 338K, committed 384K, reserved 327680K
}
Event: 4.885 GC heap before
{Heap before GC invocations=1 (full 0):
 garbage-first heap   total 262144K, used 40960K [0x00000000e0000000, 0x0000000100000000)
  region size 1024K, 31 young (31744K), 3 survivors (3072K)
 Metaspace       used 4654K, committed 4864K, reserved 393216K
  class space    used 571K, committed 704K, reserved 327680K
}
Event: 4.891 GC heap after
{Heap after GC invocations=2 (full 0):
 garbage-first heap   total 262144K, used 14736K [0x00000000e0000000, 0x0000000100000000)
  region size 1024K, 3 young (3072K), 3 survivors (3072K)
 Metaspace       used 4654K, committed 4864K, reserved 393216K
  class space    used 571K, committed 704K, reserved 327680K
}
Event: 21.375 GC heap before
{Heap before GC invocations=2 (full 0):
 garbage-first heap   total 262144K, used 104848K [0x00000000e0000000, 0x0000000100000000)
  region size 1024K, 91 young (93184K), 3 survivors (3072K)
 Metaspace       used 18238K, committed 18752K, reserved 393216K
  class space    used 2446K, committed 2688K, reserved 327680K
}
Event: 21.384 GC heap after
{Heap after GC invocations=3 (full 0):
 garbage-first heap   total 262144K, used 23054K [0x00000000e0000000, 0x0000000100000000)
  region size 1024K, 11 young (11264K), 11 survivors (11264K)
 Metaspace       used 18238K, committed 18752K, reserved 393216K
  class space    used 2446K, committed 2688K, reserved 327680K
}
Event: 23.060 GC heap before
{Heap before GC invocations=3 (full 0):
 garbage-first heap   total 262144K, used 42510K [0x00000000e0000000, 0x0000000100000000)
  region size 1024K, 31 young (31744K), 11 survivors (11264K)
 Metaspace       used 20801K, committed 21504K, reserved 393216K
  class space    used 2863K, committed 3200K, reserved 327680K
}
Event: 23.067 GC heap after
{Heap after GC invocations=4 (full 0):
 garbage-first heap   total 262144K, used 24850K [0x00000000e0000000, 0x0000000100000000)
  region size 1024K, 2 young (2048K), 2 survivors (2048K)
 Metaspace       used 20801K, committed 21504K, reserved 393216K
  class space    used 2863K, committed 3200K, reserved 327680K
}
Event: 32.591 GC heap before
{Heap before GC invocations=5 (full 0):
 garbage-first heap   total 262144K, used 124178K [0x00000000e0000000, 0x0000000100000000)
  region size 1024K, 101 young (103424K), 2 survivors (2048K)
 Metaspace       used 34577K, committed 35968K, reserved 393216K
  class space    used 4902K, committed 5568K, reserved 327680K
}
Event: 32.598 GC heap after
{Heap after GC invocations=6 (full 0):
 garbage-first heap   total 262144K, used 30899K [0x00000000e0000000, 0x0000000100000000)
  region size 1024K, 8 young (8192K), 8 survivors (8192K)
 Metaspace       used 34577K, committed 35968K, reserved 393216K
  class space    used 4902K, committed 5568K, reserved 327680K
}
Event: 151.038 GC heap before
{Heap before GC invocations=7 (full 0):
 garbage-first heap   total 262144K, used 179379K [0x00000000e0000000, 0x0000000100000000)
  region size 1024K, 153 young (156672K), 8 survivors (8192K)
 Metaspace       used 48421K, committed 50368K, reserved 393216K
  class space    used 7143K, committed 8128K, reserved 327680K
}
Event: 151.059 GC heap after
{Heap after GC invocations=8 (full 0):
 garbage-first heap   total 262144K, used 38162K [0x00000000e0000000, 0x0000000100000000)
  region size 1024K, 15 young (15360K), 15 survivors (15360K)
 Metaspace       used 48421K, committed 50368K, reserved 393216K
  class space    used 7143K, committed 8128K, reserved 327680K
}

