# JRE version: Java(TM) SE Runtime Environment (21.0.11+9) (build 21.0.11+9-LTS-211)
# Java VM: Java HotSpot(TM) 64-Bit Server VM (21.0.11+9-LTS-211, mixed mode, sharing, tiered, compressed oops, compressed class ptrs, g1 gc, windows-amd64)
GC Precious Log:
 CardTable entry size: 512
 Card Set container configuration: InlinePtr #cards 5 size 8 Array Of Cards #cards 12 size 40 Howl #buckets 4 coarsen threshold 1843 Howl Bitmap #cards 512 size 80 coarsen threshold 460 Card regions per heap region 1 cards per card region 2048
 CPUs: 12 total, 12 available
 Memory: 15690M
 Large Page Support: Disabled
 NUMA Support: Disabled
 Compressed Oops: Enabled (32-bit)
 Heap Region Size: 1M
 Heap Min Capacity: 256M
 Heap Initial Capacity: 256M
 Heap Max Capacity: 512M
 Pre-touch: Disabled
 Parallel Workers: 10
 Concurrent Workers: 3
 Concurrent Refinement Workers: 10
 Periodic GC: Disabled
Heap:
 garbage-first heap   total 262144K, used 145915K [0x00000000e0000000, 0x0000000100000000)
  region size 1024K, 129 young (132096K), 15 survivors (15360K)
 Metaspace       used 46989K, committed 48896K, reserved 393216K
  class space    used 6788K, committed 7744K, reserved 327680K
GC Heap History (8 events):
Event: 1.513 GC heap before
{Heap before GC invocations=0 (full 0):
 garbage-first heap   total 262144K, used 26624K [0x00000000e0000000, 0x0000000100000000)
  region size 1024K, 23 young (23552K), 0 survivors (0K)
 Metaspace       used 3052K, committed 3200K, reserved 393216K
  class space    used 355K, committed 448K, reserved 327680K
}
Event: 2.172 GC heap after
{Heap after GC invocations=1 (full 0):
 garbage-first heap   total 262144K, used 11317K [0x00000000e0000000, 0x0000000100000000)
  region size 1024K, 3 young (3072K), 3 survivors (3072K)
 Metaspace       used 3052K, committed 3200K, reserved 393216K
  class space    used 355K, committed 448K, reserved 327680K
}
Event: 3.003 GC heap before
{Heap before GC invocations=1 (full 0):
 garbage-first heap   total 262144K, used 41013K [0x00000000e0000000, 0x0000000100000000)
  region size 1024K, 31 young (31744K), 3 survivors (3072K)
 Metaspace       used 4643K, committed 4864K, reserved 393216K
  class space    used 570K, committed 704K, reserved 327680K
}
Event: 3.012 GC heap after
{Heap after GC invocations=2 (full 0):
 garbage-first heap   total 262144K, used 14895K [0x00000000e0000000, 0x0000000100000000)
  region size 1024K, 3 young (3072K), 3 survivors (3072K)
 Metaspace       used 4643K, committed 4864K, reserved 393216K
  class space    used 570K, committed 704K, reserved 327680K
}
Event: 41.718 GC heap before
{Heap before GC invocations=2 (full 0):
 garbage-first heap   total 262144K, used 123439K [0x00000000e0000000, 0x0000000100000000)
  region size 1024K, 110 young (112640K), 3 survivors (3072K)
 Metaspace       used 20845K, committed 21504K, reserved 393216K
  class space    used 2867K, committed 3136K, reserved 327680K
}
Event: 41.758 GC heap after
{Heap after GC invocations=3 (full 0):
 garbage-first heap   total 262144K, used 24131K [0x00000000e0000000, 0x0000000100000000)
  region size 1024K, 12 young (12288K), 12 survivors (12288K)
 Metaspace       used 20845K, committed 21504K, reserved 393216K
  class space    used 2867K, committed 3136K, reserved 327680K
}
Event: 80.267 GC heap before
{Heap before GC invocations=4 (full 0):
 garbage-first heap   total 262144K, used 127555K [0x00000000e0000000, 0x0000000100000000)
  region size 1024K, 113 young (115712K), 12 survivors (12288K)
 Metaspace       used 34614K, committed 35968K, reserved 393216K
  class space    used 4812K, committed 5504K, reserved 327680K
}
Event: 80.279 GC heap after
{Heap after GC invocations=5 (full 0):
 garbage-first heap   total 262144K, used 30203K [0x00000000e0000000, 0x0000000100000000)
  region size 1024K, 15 young (15360K), 15 survivors (15360K)
 Metaspace       used 34614K, committed 35968K, reserved 393216K
  class space    used 4812K, committed 5504K, reserved 327680K
}

