# JRE version: Java(TM) SE Runtime Environment (21.0.11+9) (build 21.0.11+9-LTS-211)
# Java VM: Java HotSpot(TM) 64-Bit Server VM (21.0.11+9-LTS-211, mixed mode, sharing, tiered, compressed oops, compressed class ptrs, g1 gc, windows-amd64)
GC Precious Log:
 CardTable entry size: 512
 Card Set container configuration: InlinePtr #cards 5 size 8 Array Of Cards #cards 12 size 40 Howl #buckets 4 coarsen threshold 1843 Howl Bitmap #cards 512 size 80 coarsen threshold 460 Card regions per heap region 1 cards per card region 2048
 CPUs: 12 total, 12 available
 Memory: 15690M
 Large Page Support: Disabled
 NUMA Support: Disabled
 Compressed Oops: Enabled (32-bit)
 Heap Region Size: 1M
 Heap Min Capacity: 256M
 Heap Initial Capacity: 256M
 Heap Max Capacity: 512M
 Pre-touch: Disabled
 Parallel Workers: 10
 Concurrent Workers: 3
 Concurrent Refinement Workers: 10
 Periodic GC: Disabled
Heap:
 garbage-first heap   total 262144K, used 179643K [0x00000000e0000000, 0x0000000100000000)
  region size 1024K, 133 young (136192K), 7 survivors (7168K)
 Metaspace       used 63745K, committed 66112K, reserved 393216K
  class space    used 8989K, committed 10176K, reserved 327680K
GC Heap History (20 events):
Event: 12.762 GC heap before
{Heap before GC invocations=1 (full 0):
 garbage-first heap   total 262144K, used 39873K [0x00000000e0000000, 0x0000000100000000)
  region size 1024K, 30 young (30720K), 3 survivors (3072K)
 Metaspace       used 4650K, committed 4864K, reserved 393216K
  class space    used 571K, committed 704K, reserved 327680K
}
Event: 12.790 GC heap after
{Heap after GC invocations=2 (full 0):
 garbage-first heap   total 262144K, used 14800K [0x00000000e0000000, 0x0000000100000000)
  region size 1024K, 3 young (3072K), 3 survivors (3072K)
 Metaspace       used 4650K, committed 4864K, reserved 393216K
  class space    used 571K, committed 704K, reserved 327680K
}
Event: 43.256 GC heap before
{Heap before GC invocations=2 (full 0):
 garbage-first heap   total 262144K, used 123344K [0x00000000e0000000, 0x0000000100000000)
  region size 1024K, 110 young (112640K), 3 survivors (3072K)
 Metaspace       used 20869K, committed 21504K, reserved 393216K
  class space    used 2876K, committed 3200K, reserved 327680K
}
Event: 44.641 GC heap after
{Heap after GC invocations=3 (full 0):
 garbage-first heap   total 262144K, used 24562K [0x00000000e0000000, 0x0000000100000000)
  region size 1024K, 13 young (13312K), 13 survivors (13312K)
 Metaspace       used 20869K, committed 21504K, reserved 393216K
  class space    used 2876K, committed 3200K, reserved 327680K
}
Event: 135.209 GC heap before
{Heap before GC invocations=4 (full 0):
 garbage-first heap   total 262144K, used 132082K [0x00000000e0000000, 0x0000000100000000)
  region size 1024K, 120 young (122880K), 13 survivors (13312K)
 Metaspace       used 34604K, committed 35968K, reserved 393216K
  class space    used 4938K, committed 5632K, reserved 327680K
}
Event: 135.309 GC heap after
{Heap after GC invocations=5 (full 0):
 garbage-first heap   total 262144K, used 30553K [0x00000000e0000000, 0x0000000100000000)
  region size 1024K, 7 young (7168K), 7 survivors (7168K)
 Metaspace       used 34604K, committed 35968K, reserved 393216K
  class space    used 4938K, committed 5632K, reserved 327680K
}
Event: 135.687 GC heap before
{Heap before GC invocations=5 (full 0):
 garbage-first heap   total 262144K, used 32601K [0x00000000e0000000, 0x0000000100000000)
  region size 1024K, 10 young (10240K), 7 survivors (7168K)
 Metaspace       used 34985K, committed 36288K, reserved 393216K
  class space    used 4979K, committed 5632K, reserved 327680K
}
Event: 135.695 GC heap after
{Heap after GC invocations=6 (full 0):
 garbage-first heap   total 262144K, used 31259K [0x00000000e0000000, 0x0000000100000000)
  region size 1024K, 7 young (7168K), 7 survivors (7168K)
 Metaspace       used 34985K, committed 36288K, reserved 393216K
  class space    used 4979K, committed 5632K, reserved 327680K
}
Event: 135.819 GC heap before
{Heap before GC invocations=6 (full 0):
 garbage-first heap   total 262144K, used 32283K [0x00000000e0000000, 0x0000000100000000)
  region size 1024K, 9 young (9216K), 7 survivors (7168K)
 Metaspace       used 35249K, committed 36608K, reserved 393216K
  class space    used 5014K, committed 5696K, reserved 327680K
}
Event: 135.830 GC heap after
{Heap after GC invocations=7 (full 0):
 garbage-first heap   total 262144K, used 31368K [0x00000000e0000000, 0x0000000100000000)
  region size 1024K, 7 young (7168K), 7 survivors (7168K)
 Metaspace       used 35249K, committed 36608K, reserved 393216K
  class space    used 5014K, committed 5696K, reserved 327680K
}
Event: 253.261 GC heap before
{Heap before GC invocations=8 (full 0):
 garbage-first heap   total 262144K, used 163464K [0x00000000e0000000, 0x0000000100000000)
  region size 1024K, 136 young (139264K), 7 survivors (7168K)
 Metaspace       used 47482K, committed 49408K, reserved 393216K
  class space    used 6976K, committed 7936K, reserved 327680K
}
Event: 253.295 GC heap after
{Heap after GC invocations=9 (full 0):
 garbage-first heap   total 262144K, used 39571K [0x00000000e0000000, 0x0000000100000000)
  region size 1024K, 15 young (15360K), 15 survivors (15360K)
 Metaspace       used 47482K, committed 49408K, reserved 393216K
  class space    used 6976K, committed 7936K, reserved 327680K
}
Event: 312.077 GC heap before
{Heap before GC invocations=9 (full 0):
 garbage-first heap   total 262144K, used 179859K [0x00000000e0000000, 0x0000000100000000)
  region size 1024K, 153 young (156672K), 15 survivors (15360K)
 Metaspace       used 55553K, committed 57792K, reserved 393216K
  class space    used 8151K, committed 9216K, reserved 327680K
}
Event: 312.110 GC heap after
{Heap after GC invocations=10 (full 0):
 garbage-first heap   total 262144K, used 47896K [0x00000000e0000000, 0x0000000100000000)
  region size 1024K, 18 young (18432K), 18 survivors (18432K)
 Metaspace       used 55553K, committed 57792K, reserved 393216K
  class space    used 8151K, committed 9216K, reserved 327680K
}
Event: 382.665 GC heap before
{Heap before GC invocations=10 (full 0):
 garbage-first heap   total 262144K, used 139032K [0x00000000e0000000, 0x0000000100000000)
  region size 1024K, 107 young (109568K), 18 survivors (18432K)
 Metaspace       used 58850K, committed 61120K, reserved 393216K
  class space    used 8453K, committed 9536K, reserved 327680K
}
Event: 382.700 GC heap after
{Heap after GC invocations=11 (full 0):
 garbage-first heap   total 262144K, used 49366K [0x00000000e0000000, 0x0000000100000000)
  region size 1024K, 11 young (11264K), 11 survivors (11264K)
 Metaspace       used 58850K, committed 61120K, reserved 393216K
  class space    used 8453K, committed 9536K, reserved 327680K
}
Event: 410.742 GC heap before
{Heap before GC invocations=12 (full 0):
 garbage-first heap   total 262144K, used 193750K [0x00000000e0000000, 0x0000000100000000)
  region size 1024K, 153 young (156672K), 11 survivors (11264K)
 Metaspace       used 61726K, committed 64000K, reserved 393216K
  class space    used 8838K, committed 9984K, reserved 327680K
}
Event: 410.752 GC heap after
{Heap after GC invocations=13 (full 0):
 garbage-first heap   total 262144K, used 51357K [0x00000000e0000000, 0x0000000100000000)
  region size 1024K, 13 young (13312K), 13 survivors (13312K)
 Metaspace       used 61726K, committed 64000K, reserved 393216K
  class space    used 8838K, committed 9984K, reserved 327680K
}
Event: 430.375 GC heap before
{Heap before GC invocations=13 (full 0):
 garbage-first heap   total 262144K, used 193693K [0x00000000e0000000, 0x0000000100000000)
  region size 1024K, 153 young (156672K), 13 survivors (13312K)
 Metaspace       used 62364K, committed 64640K, reserved 393216K
  class space    used 8840K, committed 9984K, reserved 327680K
}
Event: 430.389 GC heap after
{Heap after GC invocations=14 (full 0):
 garbage-first heap   total 262144K, used 52667K [0x00000000e0000000, 0x0000000100000000)
  region size 1024K, 7 young (7168K), 7 survivors (7168K)
 Metaspace       used 62364K, committed 64640K, reserved 393216K
  class space    used 8840K, committed 9984K, reserved 327680K
}

