# JRE version: Java(TM) SE Runtime Environment (21.0.11+9) (build 21.0.11+9-LTS-211)
# Java VM: Java HotSpot(TM) 64-Bit Server VM (21.0.11+9-LTS-211, mixed mode, sharing, tiered, compressed oops, compressed class ptrs, g1 gc, windows-amd64)
GC Precious Log:
 CardTable entry size: 512
 Card Set container configuration: InlinePtr #cards 5 size 8 Array Of Cards #cards 12 size 40 Howl #buckets 4 coarsen threshold 1843 Howl Bitmap #cards 512 size 80 coarsen threshold 460 Card regions per heap region 1 cards per card region 2048
 CPUs: 12 total, 12 available
 Memory: 15690M
 Large Page Support: Disabled
 NUMA Support: Disabled
 Compressed Oops: Enabled (32-bit)
 Heap Region Size: 1M
 Heap Min Capacity: 256M
 Heap Initial Capacity: 256M
 Heap Max Capacity: 512M
 Pre-touch: Disabled
 Parallel Workers: 10
 Concurrent Workers: 3
 Concurrent Refinement Workers: 10
 Periodic GC: Disabled
Heap:
 garbage-first heap   total 262144K, used 74493K [0x00000000e0000000, 0x0000000100000000)
  region size 1024K, 44 young (45056K), 15 survivors (15360K)
 Metaspace       used 58520K, committed 60672K, reserved 393216K
  class space    used 8462K, committed 9536K, reserved 327680K
GC Heap History (16 events):
Event: 6.529 GC heap before
{Heap before GC invocations=0 (full 0):
 garbage-first heap   total 262144K, used 26624K [0x00000000e0000000, 0x0000000100000000)
  region size 1024K, 23 young (23552K), 0 survivors (0K)
 Metaspace       used 3059K, committed 3200K, reserved 393216K
  class space    used 356K, committed 448K, reserved 327680K
}
Event: 8.624 GC heap after
{Heap after GC invocations=1 (full 0):
 garbage-first heap   total 262144K, used 10986K [0x00000000e0000000, 0x0000000100000000)
  region size 1024K, 3 young (3072K), 3 survivors (3072K)
 Metaspace       used 3059K, committed 3200K, reserved 393216K
  class space    used 356K, committed 448K, reserved 327680K
}
Event: 12.925 GC heap before
{Heap before GC invocations=1 (full 0):
 garbage-first heap   total 262144K, used 39658K [0x00000000e0000000, 0x0000000100000000)
  region size 1024K, 30 young (30720K), 3 survivors (3072K)
 Metaspace       used 4640K, committed 4864K, reserved 393216K
  class space    used 571K, committed 704K, reserved 327680K
}
Event: 12.948 GC heap after
{Heap after GC invocations=2 (full 0):
 garbage-first heap   total 262144K, used 14788K [0x00000000e0000000, 0x0000000100000000)
  region size 1024K, 3 young (3072K), 3 survivors (3072K)
 Metaspace       used 4640K, committed 4864K, reserved 393216K
  class space    used 571K, committed 704K, reserved 327680K
}
Event: 81.277 GC heap before
{Heap before GC invocations=2 (full 0):
 garbage-first heap   total 262144K, used 125380K [0x00000000e0000000, 0x0000000100000000)
  region size 1024K, 112 young (114688K), 3 survivors (3072K)
 Metaspace       used 20886K, committed 21504K, reserved 393216K
  class space    used 2871K, committed 3136K, reserved 327680K
}
Event: 82.456 GC heap after
{Heap after GC invocations=3 (full 0):
 garbage-first heap   total 262144K, used 24649K [0x00000000e0000000, 0x0000000100000000)
  region size 1024K, 12 young (12288K), 12 survivors (12288K)
 Metaspace       used 20886K, committed 21504K, reserved 393216K
  class space    used 2871K, committed 3136K, reserved 327680K
}
Event: 100.317 GC heap before
{Heap before GC invocations=4 (full 0):
 garbage-first heap   total 262144K, used 122953K [0x00000000e0000000, 0x0000000100000000)
  region size 1024K, 110 young (112640K), 12 survivors (12288K)
 Metaspace       used 34626K, committed 35968K, reserved 393216K
  class space    used 4900K, committed 5568K, reserved 327680K
}
Event: 100.331 GC heap after
{Heap after GC invocations=5 (full 0):
 garbage-first heap   total 262144K, used 31337K [0x00000000e0000000, 0x0000000100000000)
  region size 1024K, 7 young (7168K), 7 survivors (7168K)
 Metaspace       used 34626K, committed 35968K, reserved 393216K
  class space    used 4900K, committed 5568K, reserved 327680K
}
Event: 101.374 GC heap before
{Heap before GC invocations=5 (full 0):
 garbage-first heap   total 262144K, used 33385K [0x00000000e0000000, 0x0000000100000000)
  region size 1024K, 10 young (10240K), 7 survivors (7168K)
 Metaspace       used 34935K, committed 36288K, reserved 393216K
  class space    used 4949K, committed 5632K, reserved 327680K
}
Event: 101.379 GC heap after
{Heap after GC invocations=6 (full 0):
 garbage-first heap   total 262144K, used 31777K [0x00000000e0000000, 0x0000000100000000)
  region size 1024K, 7 young (7168K), 7 survivors (7168K)
 Metaspace       used 34935K, committed 36288K, reserved 393216K
  class space    used 4949K, committed 5632K, reserved 327680K
}
Event: 101.492 GC heap before
{Heap before GC invocations=6 (full 0):
 garbage-first heap   total 262144K, used 33825K [0x00000000e0000000, 0x0000000100000000)
  region size 1024K, 10 young (10240K), 7 survivors (7168K)
 Metaspace       used 35262K, committed 36608K, reserved 393216K
  class space    used 5003K, committed 5696K, reserved 327680K
}
Event: 101.498 GC heap after
{Heap after GC invocations=7 (full 0):
 garbage-first heap   total 262144K, used 32255K [0x00000000e0000000, 0x0000000100000000)
  region size 1024K, 8 young (8192K), 8 survivors (8192K)
 Metaspace       used 35262K, committed 36608K, reserved 393216K
  class space    used 5003K, committed 5696K, reserved 327680K
}
Event: 395.341 GC heap before
{Heap before GC invocations=8 (full 0):
 garbage-first heap   total 262144K, used 180735K [0x00000000e0000000, 0x0000000100000000)
  region size 1024K, 153 young (156672K), 8 survivors (8192K)
 Metaspace       used 46813K, committed 48704K, reserved 393216K
  class space    used 6870K, committed 7808K, reserved 327680K
}
Event: 395.377 GC heap after
{Heap after GC invocations=9 (full 0):
 garbage-first heap   total 262144K, used 38790K [0x00000000e0000000, 0x0000000100000000)
  region size 1024K, 14 young (14336K), 14 survivors (14336K)
 Metaspace       used 46813K, committed 48704K, reserved 393216K
  class space    used 6870K, committed 7808K, reserved 327680K
}
Event: 566.675 GC heap before
{Heap before GC invocations=9 (full 0):
 garbage-first heap   total 262144K, used 182150K [0x00000000e0000000, 0x0000000100000000)
  region size 1024K, 153 young (156672K), 14 survivors (14336K)
 Metaspace       used 56504K, committed 58688K, reserved 393216K
  class space    used 8137K, committed 9216K, reserved 327680K
}
Event: 566.727 GC heap after
{Heap after GC invocations=10 (full 0):
 garbage-first heap   total 262144K, used 45821K [0x00000000e0000000, 0x0000000100000000)
  region size 1024K, 15 young (15360K), 15 survivors (15360K)
 Metaspace       used 56504K, committed 58688K, reserved 393216K
  class space    used 8137K, committed 9216K, reserved 327680K
}

