# JRE version: Java(TM) SE Runtime Environment (21.0.11+9) (build 21.0.11+9-LTS-211)
# Java VM: Java HotSpot(TM) 64-Bit Server VM (21.0.11+9-LTS-211, mixed mode, sharing, tiered, compressed oops, compressed class ptrs, g1 gc, windows-amd64)
GC Precious Log:
 CardTable entry size: 512
 Card Set container configuration: InlinePtr #cards 5 size 8 Array Of Cards #cards 12 size 40 Howl #buckets 4 coarsen threshold 1843 Howl Bitmap #cards 512 size 80 coarsen threshold 460 Card regions per heap region 1 cards per card region 2048
 CPUs: 12 total, 12 available
 Memory: 15690M
 Large Page Support: Disabled
 NUMA Support: Disabled
 Compressed Oops: Enabled (32-bit)
 Heap Region Size: 1M
 Heap Min Capacity: 256M
 Heap Initial Capacity: 256M
 Heap Max Capacity: 512M
 Pre-touch: Disabled
 Parallel Workers: 10
 Concurrent Workers: 3
 Concurrent Refinement Workers: 10
 Periodic GC: Disabled
Heap:
 garbage-first heap   total 262144K, used 139912K [0x00000000e0000000, 0x0000000100000000)
  region size 1024K, 115 young (117760K), 7 survivors (7168K)
 Metaspace       used 46941K, committed 48832K, reserved 393216K
  class space    used 6737K, committed 7680K, reserved 327680K
GC Heap History (12 events):
Event: 4.452 GC heap before
{Heap before GC invocations=0 (full 0):
 garbage-first heap   total 262144K, used 26624K [0x00000000e0000000, 0x0000000100000000)
  region size 1024K, 23 young (23552K), 0 survivors (0K)
 Metaspace       used 3087K, committed 3328K, reserved 393216K
  class space    used 359K, committed 448K, reserved 327680K
}
Event: 5.212 GC heap after
{Heap after GC invocations=1 (full 0):
 garbage-first heap   total 262144K, used 11222K [0x00000000e0000000, 0x0000000100000000)
  region size 1024K, 3 young (3072K), 3 survivors (3072K)
 Metaspace       used 3087K, committed 3328K, reserved 393216K
  class space    used 359K, committed 448K, reserved 327680K
}
Event: 8.019 GC heap before
{Heap before GC invocations=1 (full 0):
 garbage-first heap   total 262144K, used 41942K [0x00000000e0000000, 0x0000000100000000)
  region size 1024K, 31 young (31744K), 3 survivors (3072K)
 Metaspace       used 4642K, committed 4864K, reserved 393216K
  class space    used 572K, committed 704K, reserved 327680K
}
Event: 8.031 GC heap after
{Heap after GC invocations=2 (full 0):
 garbage-first heap   total 262144K, used 15371K [0x00000000e0000000, 0x0000000100000000)
  region size 1024K, 4 young (4096K), 4 survivors (4096K)
 Metaspace       used 4642K, committed 4864K, reserved 393216K
  class space    used 572K, committed 704K, reserved 327680K
}
Event: 72.635 GC heap before
{Heap before GC invocations=2 (full 0):
 garbage-first heap   total 262144K, used 139275K [0x00000000e0000000, 0x0000000100000000)
  region size 1024K, 126 young (129024K), 4 survivors (4096K)
 Metaspace       used 20872K, committed 21504K, reserved 393216K
  class space    used 2815K, committed 3136K, reserved 327680K
}
Event: 72.811 GC heap after
{Heap after GC invocations=3 (full 0):
 garbage-first heap   total 262144K, used 23688K [0x00000000e0000000, 0x0000000100000000)
  region size 1024K, 12 young (12288K), 12 survivors (12288K)
 Metaspace       used 20872K, committed 21504K, reserved 393216K
  class space    used 2815K, committed 3136K, reserved 327680K
}
Event: 78.679 GC heap before
{Heap before GC invocations=4 (full 0):
 garbage-first heap   total 262144K, used 126088K [0x00000000e0000000, 0x0000000100000000)
  region size 1024K, 112 young (114688K), 12 survivors (12288K)
 Metaspace       used 34666K, committed 35968K, reserved 393216K
  class space    used 4806K, committed 5440K, reserved 327680K
}
Event: 78.696 GC heap after
{Heap after GC invocations=5 (full 0):
 garbage-first heap   total 262144K, used 29968K [0x00000000e0000000, 0x0000000100000000)
  region size 1024K, 15 young (15360K), 15 survivors (15360K)
 Metaspace       used 34666K, committed 35968K, reserved 393216K
  class space    used 4806K, committed 5440K, reserved 327680K
}
Event: 78.731 GC heap before
{Heap before GC invocations=5 (full 0):
 garbage-first heap   total 262144K, used 30992K [0x00000000e0000000, 0x0000000100000000)
  region size 1024K, 17 young (17408K), 15 survivors (15360K)
 Metaspace       used 34940K, committed 36288K, reserved 393216K
  class space    used 4822K, committed 5504K, reserved 327680K
}
Event: 78.741 GC heap after
{Heap after GC invocations=6 (full 0):
 garbage-first heap   total 262144K, used 30022K [0x00000000e0000000, 0x0000000100000000)
  region size 1024K, 7 young (7168K), 7 survivors (7168K)
 Metaspace       used 34940K, committed 36288K, reserved 393216K
  class space    used 4822K, committed 5504K, reserved 327680K
}
Event: 78.877 GC heap before
{Heap before GC invocations=6 (full 0):
 garbage-first heap   total 262144K, used 32070K [0x00000000e0000000, 0x0000000100000000)
  region size 1024K, 10 young (10240K), 7 survivors (7168K)
 Metaspace       used 35238K, committed 36608K, reserved 393216K
  class space    used 4859K, committed 5568K, reserved 327680K
}
Event: 78.888 GC heap after
{Heap after GC invocations=7 (full 0):
 garbage-first heap   total 262144K, used 30344K [0x00000000e0000000, 0x0000000100000000)
  region size 1024K, 7 young (7168K), 7 survivors (7168K)
 Metaspace       used 35238K, committed 36608K, reserved 393216K
  class space    used 4859K, committed 5568K, reserved 327680K
}

