# JRE version: Java(TM) SE Runtime Environment (21.0.11+9) (build 21.0.11+9-LTS-211)
# Java VM: Java HotSpot(TM) 64-Bit Server VM (21.0.11+9-LTS-211, mixed mode, sharing, tiered, compressed oops, compressed class ptrs, g1 gc, windows-amd64)
GC Precious Log:
 CardTable entry size: 512
 Card Set container configuration: InlinePtr #cards 5 size 8 Array Of Cards #cards 12 size 40 Howl #buckets 4 coarsen threshold 1843 Howl Bitmap #cards 512 size 80 coarsen threshold 460 Card regions per heap region 1 cards per card region 2048
 CPUs: 12 total, 12 available
 Memory: 15690M
 Large Page Support: Disabled
 NUMA Support: Disabled
 Compressed Oops: Enabled (32-bit)
 Heap Region Size: 1M
 Heap Min Capacity: 256M
 Heap Initial Capacity: 256M
 Heap Max Capacity: 512M
 Pre-touch: Disabled
 Parallel Workers: 10
 Concurrent Workers: 3
 Concurrent Refinement Workers: 10
 Periodic GC: Disabled
Heap:
 garbage-first heap   total 262144K, used 71817K [0x00000000e0000000, 0x0000000100000000)
  region size 1024K, 47 young (48128K), 7 survivors (7168K)
 Metaspace       used 39310K, committed 40960K, reserved 393216K
  class space    used 5664K, committed 6464K, reserved 327680K
GC Heap History (12 events):
Event: 3.059 GC heap before
{Heap before GC invocations=0 (full 0):
 garbage-first heap   total 262144K, used 26624K [0x00000000e0000000, 0x0000000100000000)
  region size 1024K, 23 young (23552K), 0 survivors (0K)
 Metaspace       used 3130K, committed 3328K, reserved 393216K
  class space    used 362K, committed 448K, reserved 327680K
}
Event: 3.190 GC heap after
{Heap after GC invocations=1 (full 0):
 garbage-first heap   total 262144K, used 11093K [0x00000000e0000000, 0x0000000100000000)
  region size 1024K, 3 young (3072K), 3 survivors (3072K)
 Metaspace       used 3130K, committed 3328K, reserved 393216K
  class space    used 362K, committed 448K, reserved 327680K
}
Event: 6.622 GC heap before
{Heap before GC invocations=1 (full 0):
 garbage-first heap   total 262144K, used 39765K [0x00000000e0000000, 0x0000000100000000)
  region size 1024K, 30 young (30720K), 3 survivors (3072K)
 Metaspace       used 4652K, committed 4864K, reserved 393216K
  class space    used 571K, committed 704K, reserved 327680K
}
Event: 6.634 GC heap after
{Heap after GC invocations=2 (full 0):
 garbage-first heap   total 262144K, used 14989K [0x00000000e0000000, 0x0000000100000000)
  region size 1024K, 3 young (3072K), 3 survivors (3072K)
 Metaspace       used 4652K, committed 4864K, reserved 393216K
  class space    used 571K, committed 704K, reserved 327680K
}
Event: 105.326 GC heap before
{Heap before GC invocations=2 (full 0):
 garbage-first heap   total 262144K, used 126605K [0x00000000e0000000, 0x0000000100000000)
  region size 1024K, 113 young (115712K), 3 survivors (3072K)
 Metaspace       used 20925K, committed 21504K, reserved 393216K
  class space    used 2874K, committed 3136K, reserved 327680K
}
Event: 105.373 GC heap after
{Heap after GC invocations=3 (full 0):
 garbage-first heap   total 262144K, used 24455K [0x00000000e0000000, 0x0000000100000000)
  region size 1024K, 12 young (12288K), 12 survivors (12288K)
 Metaspace       used 20925K, committed 21504K, reserved 393216K
  class space    used 2874K, committed 3136K, reserved 327680K
}
Event: 171.487 GC heap before
{Heap before GC invocations=4 (full 0):
 garbage-first heap   total 262144K, used 124807K [0x00000000e0000000, 0x0000000100000000)
  region size 1024K, 112 young (114688K), 12 survivors (12288K)
 Metaspace       used 34674K, committed 36096K, reserved 393216K
  class space    used 4904K, committed 5632K, reserved 327680K
}
Event: 171.509 GC heap after
{Heap after GC invocations=5 (full 0):
 garbage-first heap   total 262144K, used 31492K [0x00000000e0000000, 0x0000000100000000)
  region size 1024K, 8 young (8192K), 8 survivors (8192K)
 Metaspace       used 34674K, committed 36096K, reserved 393216K
  class space    used 4904K, committed 5632K, reserved 327680K
}
Event: 176.862 GC heap before
{Heap before GC invocations=5 (full 0):
 garbage-first heap   total 262144K, used 34564K [0x00000000e0000000, 0x0000000100000000)
  region size 1024K, 12 young (12288K), 8 survivors (8192K)
 Metaspace       used 35018K, committed 36416K, reserved 393216K
  class space    used 4959K, committed 5632K, reserved 327680K
}
Event: 176.874 GC heap after
{Heap after GC invocations=6 (full 0):
 garbage-first heap   total 262144K, used 31813K [0x00000000e0000000, 0x0000000100000000)
  region size 1024K, 7 young (7168K), 7 survivors (7168K)
 Metaspace       used 35018K, committed 36416K, reserved 393216K
  class space    used 4959K, committed 5632K, reserved 327680K
}
Event: 178.134 GC heap before
{Heap before GC invocations=6 (full 0):
 garbage-first heap   total 262144K, used 33861K [0x00000000e0000000, 0x0000000100000000)
  region size 1024K, 10 young (10240K), 7 survivors (7168K)
 Metaspace       used 35371K, committed 36736K, reserved 393216K
  class space    used 5020K, committed 5696K, reserved 327680K
}
Event: 178.140 GC heap after
{Heap after GC invocations=7 (full 0):
 garbage-first heap   total 262144K, used 31881K [0x00000000e0000000, 0x0000000100000000)
  region size 1024K, 7 young (7168K), 7 survivors (7168K)
 Metaspace       used 35371K, committed 36736K, reserved 393216K
  class space    used 5020K, committed 5696K, reserved 327680K
}

