# JRE version: Java(TM) SE Runtime Environment (21.0.11+9) (build 21.0.11+9-LTS-211)
# Java VM: Java HotSpot(TM) 64-Bit Server VM (21.0.11+9-LTS-211, mixed mode, sharing, tiered, compressed class ptrs, parallel gc, windows-amd64)
GC Precious Log:
 CardTable entry size: 512
 CPUs: 12 total, 12 available
 Memory: 15690M
 Large Page Support: Disabled
 NUMA Support: Disabled
 Compressed Oops: Disabled
 Alignments: Space 512K, Generation 512K, Heap 2M
 Heap Min Capacity: 100M
 Heap Initial Capacity: 100M
 Heap Max Capacity: 64G
 Pre-touch: Disabled
 Parallel Workers: 10
Heap:
 PSYoungGen      total 3584K, used 1798K [0x0000021c48d00000, 0x0000021c49300000, 0x000002219e200000)
  eden space 3072K, 48% used [0x0000021c48d00000,0x0000021c48e71a60,0x0000021c49000000)
  from space 512K, 62% used [0x0000021c49200000,0x0000021c49250000,0x0000021c49280000)
  to   space 512K, 0% used [0x0000021c49280000,0x0000021c49280000,0x0000021c49300000)
 ParOldGen       total 68608K, used 42270K [0x000002119e200000, 0x00000211a2500000, 0x0000021c48d00000)
  object space 68608K, 61% used [0x000002119e200000,0x00000211a0b47858,0x00000211a2500000)
 Metaspace       used 44822K, committed 45888K, reserved 1114112K
  class space    used 4000K, committed 4480K, reserved 1048576K
GC Heap History (20 events):
Event: 513.754 GC heap before
{Heap before GC invocations=222 (full 7):
 PSYoungGen      total 4096K, used 3582K [0x0000021c48d00000, 0x0000021c49200000, 0x000002219e200000)
  eden space 3072K, 100% used [0x0000021c48d00000,0x0000021c49000000,0x0000021c49000000)
  from space 1024K, 49% used [0x0000021c49000000,0x0000021c4907fb38,0x0000021c49100000)
  to   space 1024K, 0% used [0x0000021c49100000,0x0000021c49100000,0x0000021c49200000)
 ParOldGen       total 132096K, used 130103K [0x000002119e200000, 0x00000211a6300000, 0x0000021c48d00000)
  object space 132096K, 98% used [0x000002119e200000,0x00000211a610de88,0x00000211a6300000)
 Metaspace       used 43967K, committed 44992K, reserved 1114112K
  class space    used 3882K, committed 4352K, reserved 1048576K
}
Event: 513.760 GC heap after
{Heap after GC invocations=222 (full 7):
 PSYoungGen      total 4096K, used 512K [0x0000021c48d00000, 0x0000021c49200000, 0x000002219e200000)
  eden space 3072K, 0% used [0x0000021c48d00000,0x0000021c48d00000,0x0000021c49000000)
  from space 1024K, 50% used [0x0000021c49100000,0x0000021c49180000,0x0000021c49200000)
  to   space 1024K, 0% used [0x0000021c49000000,0x0000021c49000000,0x0000021c49100000)
 ParOldGen       total 132096K, used 130488K [0x000002119e200000, 0x00000211a6300000, 0x0000021c48d00000)
  object space 132096K, 98% used [0x000002119e200000,0x00000211a616e278,0x00000211a6300000)
 Metaspace       used 43967K, committed 44992K, reserved 1114112K
  class space    used 3882K, committed 4352K, reserved 1048576K
}
Event: 518.176 GC heap before
{Heap before GC invocations=223 (full 7):
 PSYoungGen      total 4096K, used 3583K [0x0000021c48d00000, 0x0000021c49200000, 0x000002219e200000)
  eden space 3072K, 99% used [0x0000021c48d00000,0x0000021c48fffd08,0x0000021c49000000)
  from space 1024K, 50% used [0x0000021c49100000,0x0000021c49180000,0x0000021c49200000)
  to   space 1024K, 0% used [0x0000021c49000000,0x0000021c49000000,0x0000021c49100000)
 ParOldGen       total 132096K, used 130488K [0x000002119e200000, 0x00000211a6300000, 0x0000021c48d00000)
  object space 132096K, 98% used [0x000002119e200000,0x00000211a616e278,0x00000211a6300000)
 Metaspace       used 43967K, committed 44992K, reserved 1114112K
  class space    used 3882K, committed 4352K, reserved 1048576K
}
Event: 518.178 GC heap after
{Heap after GC invocations=223 (full 7):
 PSYoungGen      total 4096K, used 996K [0x0000021c48d00000, 0x0000021c49500000, 0x000002219e200000)
  eden space 3072K, 0% used [0x0000021c48d00000,0x0000021c48d00000,0x0000021c49000000)
  from space 1024K, 97% used [0x0000021c49000000,0x0000021c490f9380,0x0000021c49100000)
  to   space 2560K, 0% used [0x0000021c49280000,0x0000021c49280000,0x0000021c49500000)
 ParOldGen       total 132096K, used 131487K [0x000002119e200000, 0x00000211a6300000, 0x0000021c48d00000)
  object space 132096K, 99% used [0x000002119e200000,0x00000211a6267c18,0x00000211a6300000)
 Metaspace       used 43967K, committed 44992K, reserved 1114112K
  class space    used 3882K, committed 4352K, reserved 1048576K
}
Event: 518.178 GC heap before
{Heap before GC invocations=224 (full 8):
 PSYoungGen      total 4096K, used 996K [0x0000021c48d00000, 0x0000021c49500000, 0x000002219e200000)
  eden space 3072K, 0% used [0x0000021c48d00000,0x0000021c48d00000,0x0000021c49000000)
  from space 1024K, 97% used [0x0000021c49000000,0x0000021c490f9380,0x0000021c49100000)
  to   space 2560K, 0% used [0x0000021c49280000,0x0000021c49280000,0x0000021c49500000)
 ParOldGen       total 132096K, used 131487K [0x000002119e200000, 0x00000211a6300000, 0x0000021c48d00000)
  object space 132096K, 99% used [0x000002119e200000,0x00000211a6267c18,0x00000211a6300000)
 Metaspace       used 43967K, committed 44992K, reserved 1114112K
  class space    used 3882K, committed 4352K, reserved 1048576K
}
Event: 518.464 GC heap after
{Heap after GC invocations=224 (full 8):
 PSYoungGen      total 5632K, used 0K [0x0000021c48d00000, 0x0000021c49500000, 0x000002219e200000)
  eden space 3072K, 0% used [0x0000021c48d00000,0x0000021c48d00000,0x0000021c49000000)
  from space 2560K, 0% used [0x0000021c49280000,0x0000021c49280000,0x0000021c49500000)
  to   space 2560K, 0% used [0x0000021c49000000,0x0000021c49000000,0x0000021c49280000)
 ParOldGen       total 68608K, used 39568K [0x000002119e200000, 0x00000211a2500000, 0x0000021c48d00000)
  object space 68608K, 57% used [0x000002119e200000,0x00000211a08a4018,0x00000211a2500000)
 Metaspace       used 43967K, committed 44992K, reserved 1114112K
  class space    used 3882K, committed 4352K, reserved 1048576K
}
Event: 554.538 GC heap before
{Heap before GC invocations=225 (full 8):
 PSYoungGen      total 5632K, used 3072K [0x0000021c48d00000, 0x0000021c49500000, 0x000002219e200000)
  eden space 3072K, 100% used [0x0000021c48d00000,0x0000021c49000000,0x0000021c49000000)
  from space 2560K, 0% used [0x0000021c49280000,0x0000021c49280000,0x0000021c49500000)
  to   space 2560K, 0% used [0x0000021c49000000,0x0000021c49000000,0x0000021c49280000)
 ParOldGen       total 68608K, used 39568K [0x000002119e200000, 0x00000211a2500000, 0x0000021c48d00000)
  object space 68608K, 57% used [0x000002119e200000,0x00000211a08a4018,0x00000211a2500000)
 Metaspace       used 43967K, committed 44992K, reserved 1114112K
  class space    used 3882K, committed 4352K, reserved 1048576K
}
Event: 554.542 GC heap after
{Heap after GC invocations=225 (full 8):
 PSYoungGen      total 5632K, used 2278K [0x0000021c48d00000, 0x0000021c49500000, 0x000002219e200000)
  eden space 3072K, 0% used [0x0000021c48d00000,0x0000021c48d00000,0x0000021c49000000)
  from space 2560K, 89% used [0x0000021c49000000,0x0000021c49239a68,0x0000021c49280000)
  to   space 2560K, 0% used [0x0000021c49280000,0x0000021c49280000,0x0000021c49500000)
 ParOldGen       total 68608K, used 39568K [0x000002119e200000, 0x00000211a2500000, 0x0000021c48d00000)
  object space 68608K, 57% used [0x000002119e200000,0x00000211a08a4018,0x00000211a2500000)
 Metaspace       used 43967K, committed 44992K, reserved 1114112K
  class space    used 3882K, committed 4352K, reserved 1048576K
}
Event: 555.957 GC heap before
{Heap before GC invocations=226 (full 8):
 PSYoungGen      total 5632K, used 5350K [0x0000021c48d00000, 0x0000021c49500000, 0x000002219e200000)
  eden space 3072K, 100% used [0x0000021c48d00000,0x0000021c49000000,0x0000021c49000000)
  from space 2560K, 89% used [0x0000021c49000000,0x0000021c49239a68,0x0000021c49280000)
  to   space 2560K, 0% used [0x0000021c49280000,0x0000021c49280000,0x0000021c49500000)
 ParOldGen       total 68608K, used 39568K [0x000002119e200000, 0x00000211a2500000, 0x0000021c48d00000)
  object space 68608K, 57% used [0x000002119e200000,0x00000211a08a4018,0x00000211a2500000)
 Metaspace       used 44096K, committed 45184K, reserved 1114112K
  class space    used 3900K, committed 4416K, reserved 1048576K
}
Event: 555.964 GC heap after
{Heap after GC invocations=226 (full 8):
 PSYoungGen      total 3584K, used 256K [0x0000021c48d00000, 0x0000021c49300000, 0x000002219e200000)
  eden space 3072K, 0% used [0x0000021c48d00000,0x0000021c48d00000,0x0000021c49000000)
  from space 512K, 50% used [0x0000021c49280000,0x0000021c492c0000,0x0000021c49300000)
  to   space 1024K, 0% used [0x0000021c49100000,0x0000021c49100000,0x0000021c49200000)
 ParOldGen       total 68608K, used 41686K [0x000002119e200000, 0x00000211a2500000, 0x0000021c48d00000)
  object space 68608K, 60% used [0x000002119e200000,0x00000211a0ab5858,0x00000211a2500000)
 Metaspace       used 44096K, committed 45184K, reserved 1114112K
  class space    used 3900K, committed 4416K, reserved 1048576K
}
Event: 565.661 GC heap before
{Heap before GC invocations=227 (full 8):
 PSYoungGen      total 3584K, used 3297K [0x0000021c48d00000, 0x0000021c49300000, 0x000002219e200000)
  eden space 3072K, 99% used [0x0000021c48d00000,0x0000021c48ff87b8,0x0000021c49000000)
  from space 512K, 50% used [0x0000021c49280000,0x0000021c492c0000,0x0000021c49300000)
  to   space 1024K, 0% used [0x0000021c49100000,0x0000021c49100000,0x0000021c49200000)
 ParOldGen       total 68608K, used 41686K [0x000002119e200000, 0x00000211a2500000, 0x0000021c48d00000)
  object space 68608K, 60% used [0x000002119e200000,0x00000211a0ab5858,0x00000211a2500000)
 Metaspace       used 44427K, committed 45504K, reserved 1114112K
  class space    used 3936K, committed 4416K, reserved 1048576K
}
Event: 565.663 GC heap after
{Heap after GC invocations=227 (full 8):
 PSYoungGen      total 4096K, used 416K [0x0000021c48d00000, 0x0000021c49300000, 0x000002219e200000)
  eden space 3072K, 0% used [0x0000021c48d00000,0x0000021c48d00000,0x0000021c49000000)
  from space 1024K, 40% used [0x0000021c49100000,0x0000021c49168000,0x0000021c49200000)
  to   space 512K, 0% used [0x0000021c49280000,0x0000021c49280000,0x0000021c49300000)
 ParOldGen       total 68608K, used 41790K [0x000002119e200000, 0x00000211a2500000, 0x0000021c48d00000)
  object space 68608K, 60% used [0x000002119e200000,0x00000211a0acf858,0x00000211a2500000)
 Metaspace       used 44427K, committed 45504K, reserved 1114112K
  class space    used 3936K, committed 4416K, reserved 1048576K
}
Event: 565.739 GC heap before
{Heap before GC invocations=228 (full 8):
 PSYoungGen      total 4096K, used 3435K [0x0000021c48d00000, 0x0000021c49300000, 0x000002219e200000)
  eden space 3072K, 98% used [0x0000021c48d00000,0x0000021c48ff2e80,0x0000021c49000000)
  from space 1024K, 40% used [0x0000021c49100000,0x0000021c49168000,0x0000021c49200000)
  to   space 512K, 0% used [0x0000021c49280000,0x0000021c49280000,0x0000021c49300000)
 ParOldGen       total 68608K, used 41790K [0x000002119e200000, 0x00000211a2500000, 0x0000021c48d00000)
  object space 68608K, 60% used [0x000002119e200000,0x00000211a0acf858,0x00000211a2500000)
 Metaspace       used 44529K, committed 45568K, reserved 1114112K
  class space    used 3950K, committed 4416K, reserved 1048576K
}
Event: 565.741 GC heap after
{Heap after GC invocations=228 (full 8):
 PSYoungGen      total 3584K, used 192K [0x0000021c48d00000, 0x0000021c49300000, 0x000002219e200000)
  eden space 3072K, 0% used [0x0000021c48d00000,0x0000021c48d00000,0x0000021c49000000)
  from space 512K, 37% used [0x0000021c49280000,0x0000021c492b0000,0x0000021c49300000)
  to   space 512K, 0% used [0x0000021c49200000,0x0000021c49200000,0x0000021c49280000)
 ParOldGen       total 68608K, used 42054K [0x000002119e200000, 0x00000211a2500000, 0x0000021c48d00000)
  object space 68608K, 61% used [0x000002119e200000,0x00000211a0b11858,0x00000211a2500000)
 Metaspace       used 44529K, committed 45568K, reserved 1114112K
  class space    used 3950K, committed 4416K, reserved 1048576K
}
Event: 570.123 GC heap before
{Heap before GC invocations=229 (full 8):
 PSYoungGen      total 3584K, used 3264K [0x0000021c48d00000, 0x0000021c49300000, 0x000002219e200000)
  eden space 3072K, 100% used [0x0000021c48d00000,0x0000021c49000000,0x0000021c49000000)
  from space 512K, 37% used [0x0000021c49280000,0x0000021c492b0000,0x0000021c49300000)
  to   space 512K, 0% used [0x0000021c49200000,0x0000021c49200000,0x0000021c49280000)
 ParOldGen       total 68608K, used 42054K [0x000002119e200000, 0x00000211a2500000, 0x0000021c48d00000)
  object space 68608K, 61% used [0x000002119e200000,0x00000211a0b11858,0x00000211a2500000)
 Metaspace       used 44570K, committed 45632K, reserved 1114112K
  class space    used 3966K, committed 4480K, reserved 1048576K
}
Event: 570.126 GC heap after
{Heap after GC invocations=229 (full 8):
 PSYoungGen      total 3584K, used 160K [0x0000021c48d00000, 0x0000021c49300000, 0x000002219e200000)
  eden space 3072K, 0% used [0x0000021c48d00000,0x0000021c48d00000,0x0000021c49000000)
  from space 512K, 31% used [0x0000021c49200000,0x0000021c49228000,0x0000021c49280000)
  to   space 512K, 0% used [0x0000021c49280000,0x0000021c49280000,0x0000021c49300000)
 ParOldGen       total 68608K, used 42134K [0x000002119e200000, 0x00000211a2500000, 0x0000021c48d00000)
  object space 68608K, 61% used [0x000002119e200000,0x00000211a0b25858,0x00000211a2500000)
 Metaspace       used 44570K, committed 45632K, reserved 1114112K
  class space    used 3966K, committed 4480K, reserved 1048576K
}
Event: 625.666 GC heap before
{Heap before GC invocations=230 (full 8):
 PSYoungGen      total 3584K, used 3229K [0x0000021c48d00000, 0x0000021c49300000, 0x000002219e200000)
  eden space 3072K, 99% used [0x0000021c48d00000,0x0000021c48fff610,0x0000021c49000000)
  from space 512K, 31% used [0x0000021c49200000,0x0000021c49228000,0x0000021c49280000)
  to   space 512K, 0% used [0x0000021c49280000,0x0000021c49280000,0x0000021c49300000)
 ParOldGen       total 68608K, used 42134K [0x000002119e200000, 0x00000211a2500000, 0x0000021c48d00000)
  object space 68608K, 61% used [0x000002119e200000,0x00000211a0b25858,0x00000211a2500000)
 Metaspace       used 44603K, committed 45696K, reserved 1114112K
  class space    used 3981K, committed 4480K, reserved 1048576K
}
Event: 625.669 GC heap after
{Heap after GC invocations=230 (full 8):
 PSYoungGen      total 3584K, used 288K [0x0000021c48d00000, 0x0000021c49300000, 0x000002219e200000)
  eden space 3072K, 0% used [0x0000021c48d00000,0x0000021c48d00000,0x0000021c49000000)
  from space 512K, 56% used [0x0000021c49280000,0x0000021c492c8000,0x0000021c49300000)
  to   space 512K, 0% used [0x0000021c49200000,0x0000021c49200000,0x0000021c49280000)
 ParOldGen       total 68608K, used 42198K [0x000002119e200000, 0x00000211a2500000, 0x0000021c48d00000)
  object space 68608K, 61% used [0x000002119e200000,0x00000211a0b35858,0x00000211a2500000)
 Metaspace       used 44603K, committed 45696K, reserved 1114112K
  class space    used 3981K, committed 4480K, reserved 1048576K
}
Event: 646.541 GC heap before
{Heap before GC invocations=231 (full 8):
 PSYoungGen      total 3584K, used 3360K [0x0000021c48d00000, 0x0000021c49300000, 0x000002219e200000)
  eden space 3072K, 100% used [0x0000021c48d00000,0x0000021c49000000,0x0000021c49000000)
  from space 512K, 56% used [0x0000021c49280000,0x0000021c492c8000,0x0000021c49300000)
  to   space 512K, 0% used [0x0000021c49200000,0x0000021c49200000,0x0000021c49280000)
 ParOldGen       total 68608K, used 42198K [0x000002119e200000, 0x00000211a2500000, 0x0000021c48d00000)
  object space 68608K, 61% used [0x000002119e200000,0x00000211a0b35858,0x00000211a2500000)
 Metaspace       used 44744K, committed 45760K, reserved 1114112K
  class space    used 3995K, committed 4480K, reserved 1048576K
}
Event: 646.543 GC heap after
{Heap after GC invocations=231 (full 8):
 PSYoungGen      total 3584K, used 320K [0x0000021c48d00000, 0x0000021c49300000, 0x000002219e200000)
  eden space 3072K, 0% used [0x0000021c48d00000,0x0000021c48d00000,0x0000021c49000000)
  from space 512K, 62% used [0x0000021c49200000,0x0000021c49250000,0x0000021c49280000)
  to   space 512K, 0% used [0x0000021c49280000,0x0000021c49280000,0x0000021c49300000)
 ParOldGen       total 68608K, used 42270K [0x000002119e200000, 0x00000211a2500000, 0x0000021c48d00000)
  object space 68608K, 61% used [0x000002119e200000,0x00000211a0b47858,0x00000211a2500000)
 Metaspace       used 44744K, committed 45760K, reserved 1114112K
  class space    used 3995K, committed 4480K, reserved 1048576K
}

