# JRE version: Java(TM) SE Runtime Environment (21.0.11+9) (build 21.0.11+9-LTS-211)
# Java VM: Java HotSpot(TM) 64-Bit Server VM (21.0.11+9-LTS-211, mixed mode, sharing, tiered, compressed oops, compressed class ptrs, g1 gc, windows-amd64)
GC Precious Log:
 CardTable entry size: 512
 Card Set container configuration: InlinePtr #cards 5 size 8 Array Of Cards #cards 12 size 40 Howl #buckets 4 coarsen threshold 1843 Howl Bitmap #cards 512 size 80 coarsen threshold 460 Card regions per heap region 1 cards per card region 2048
 CPUs: 12 total, 12 available
 Memory: 15690M
 Large Page Support: Disabled
 NUMA Support: Disabled
 Compressed Oops: Enabled (32-bit)
 Heap Region Size: 1M
 Heap Min Capacity: 256M
 Heap Initial Capacity: 256M
 Heap Max Capacity: 512M
 Pre-touch: Disabled
 Parallel Workers: 10
 Concurrent Workers: 3
 Concurrent Refinement Workers: 10
 Periodic GC: Disabled
Heap:
 garbage-first heap   total 262144K, used 54886K [0x00000000e0000000, 0x0000000100000000)
  region size 1024K, 10 young (10240K), 6 survivors (6144K)
 Metaspace       used 63988K, committed 66368K, reserved 393216K
  class space    used 9018K, committed 10240K, reserved 327680K
GC Heap History (20 events):
Event: 50.459 GC heap before
{Heap before GC invocations=2 (full 0):
 garbage-first heap   total 262144K, used 124040K [0x00000000e0000000, 0x0000000100000000)
  region size 1024K, 111 young (113664K), 3 survivors (3072K)
 Metaspace       used 20887K, committed 21504K, reserved 393216K
  class space    used 2876K, committed 3136K, reserved 327680K
}
Event: 50.747 GC heap after
{Heap after GC invocations=3 (full 0):
 garbage-first heap   total 262144K, used 24523K [0x00000000e0000000, 0x0000000100000000)
  region size 1024K, 12 young (12288K), 12 survivors (12288K)
 Metaspace       used 20887K, committed 21504K, reserved 393216K
  class space    used 2876K, committed 3136K, reserved 327680K
}
Event: 121.302 GC heap before
{Heap before GC invocations=4 (full 0):
 garbage-first heap   total 262144K, used 136139K [0x00000000e0000000, 0x0000000100000000)
  region size 1024K, 122 young (124928K), 12 survivors (12288K)
 Metaspace       used 35412K, committed 36800K, reserved 393216K
  class space    used 5047K, committed 5760K, reserved 327680K
}
Event: 121.424 GC heap after
{Heap after GC invocations=5 (full 0):
 garbage-first heap   total 262144K, used 31900K [0x00000000e0000000, 0x0000000100000000)
  region size 1024K, 8 young (8192K), 8 survivors (8192K)
 Metaspace       used 35412K, committed 36800K, reserved 393216K
  class space    used 5047K, committed 5760K, reserved 327680K
}
Event: 122.145 GC heap before
{Heap before GC invocations=5 (full 0):
 garbage-first heap   total 262144K, used 34972K [0x00000000e0000000, 0x0000000100000000)
  region size 1024K, 12 young (12288K), 8 survivors (8192K)
 Metaspace       used 35726K, committed 37120K, reserved 393216K
  class space    used 5082K, committed 5760K, reserved 327680K
}
Event: 122.157 GC heap after
{Heap after GC invocations=6 (full 0):
 garbage-first heap   total 262144K, used 33381K [0x00000000e0000000, 0x0000000100000000)
  region size 1024K, 8 young (8192K), 8 survivors (8192K)
 Metaspace       used 35726K, committed 37120K, reserved 393216K
  class space    used 5082K, committed 5760K, reserved 327680K
}
Event: 122.468 GC heap before
{Heap before GC invocations=6 (full 0):
 garbage-first heap   total 262144K, used 35429K [0x00000000e0000000, 0x0000000100000000)
  region size 1024K, 11 young (11264K), 8 survivors (8192K)
 Metaspace       used 36060K, committed 37440K, reserved 393216K
  class space    used 5140K, committed 5824K, reserved 327680K
}
Event: 122.480 GC heap after
{Heap after GC invocations=7 (full 0):
 garbage-first heap   total 262144K, used 33248K [0x00000000e0000000, 0x0000000100000000)
  region size 1024K, 8 young (8192K), 8 survivors (8192K)
 Metaspace       used 36060K, committed 37440K, reserved 393216K
  class space    used 5140K, committed 5824K, reserved 327680K
}
Event: 337.775 GC heap before
{Heap before GC invocations=8 (full 0):
 garbage-first heap   total 262144K, used 180704K [0x00000000e0000000, 0x0000000100000000)
  region size 1024K, 153 young (156672K), 8 survivors (8192K)
 Metaspace       used 48374K, committed 50304K, reserved 393216K
  class space    used 7085K, committed 8064K, reserved 327680K
}
Event: 337.801 GC heap after
{Heap after GC invocations=9 (full 0):
 garbage-first heap   total 262144K, used 40905K [0x00000000e0000000, 0x0000000100000000)
  region size 1024K, 16 young (16384K), 16 survivors (16384K)
 Metaspace       used 48374K, committed 50304K, reserved 393216K
  class space    used 7085K, committed 8064K, reserved 327680K
}
Event: 358.114 GC heap before
{Heap before GC invocations=9 (full 0):
 garbage-first heap   total 262144K, used 180169K [0x00000000e0000000, 0x0000000100000000)
  region size 1024K, 153 young (156672K), 16 survivors (16384K)
 Metaspace       used 54811K, committed 57024K, reserved 393216K
  class space    used 8057K, committed 9152K, reserved 327680K
}
Event: 358.137 GC heap after
{Heap after GC invocations=10 (full 0):
 garbage-first heap   total 262144K, used 46779K [0x00000000e0000000, 0x0000000100000000)
  region size 1024K, 16 young (16384K), 16 survivors (16384K)
 Metaspace       used 54811K, committed 57024K, reserved 393216K
  class space    used 8057K, committed 9152K, reserved 327680K
}
Event: 365.261 GC heap before
{Heap before GC invocations=10 (full 0):
 garbage-first heap   total 262144K, used 189115K [0x00000000e0000000, 0x0000000100000000)
  region size 1024K, 153 young (156672K), 16 survivors (16384K)
 Metaspace       used 60090K, committed 62400K, reserved 393216K
  class space    used 8695K, committed 9856K, reserved 327680K
}
Event: 365.274 GC heap after
{Heap after GC invocations=11 (full 0):
 garbage-first heap   total 262144K, used 52209K [0x00000000e0000000, 0x0000000100000000)
  region size 1024K, 13 young (13312K), 13 survivors (13312K)
 Metaspace       used 60090K, committed 62400K, reserved 393216K
  class space    used 8695K, committed 9856K, reserved 327680K
}
Event: 367.664 GC heap before
{Heap before GC invocations=11 (full 0):
 garbage-first heap   total 262144K, used 71665K [0x00000000e0000000, 0x0000000100000000)
  region size 1024K, 33 young (33792K), 13 survivors (13312K)
 Metaspace       used 60272K, committed 62528K, reserved 393216K
  class space    used 8705K, committed 9856K, reserved 327680K
}
Event: 367.680 GC heap after
{Heap after GC invocations=12 (full 0):
 garbage-first heap   total 262144K, used 52686K [0x00000000e0000000, 0x0000000100000000)
  region size 1024K, 6 young (6144K), 6 survivors (6144K)
 Metaspace       used 60272K, committed 62528K, reserved 393216K
  class space    used 8705K, committed 9856K, reserved 327680K
}
Event: 407.741 GC heap before
{Heap before GC invocations=13 (full 0):
 garbage-first heap   total 262144K, used 203214K [0x00000000e0000000, 0x0000000100000000)
  region size 1024K, 153 young (156672K), 6 survivors (6144K)
 Metaspace       used 61825K, committed 64192K, reserved 393216K
  class space    used 8837K, committed 10048K, reserved 327680K
}
Event: 407.747 GC heap after
{Heap after GC invocations=14 (full 0):
 garbage-first heap   total 262144K, used 52949K [0x00000000e0000000, 0x0000000100000000)
  region size 1024K, 7 young (7168K), 7 survivors (7168K)
 Metaspace       used 61825K, committed 64192K, reserved 393216K
  class space    used 8837K, committed 10048K, reserved 327680K
}
Event: 457.061 GC heap before
{Heap before GC invocations=14 (full 0):
 garbage-first heap   total 262144K, used 201429K [0x00000000e0000000, 0x0000000100000000)
  region size 1024K, 153 young (156672K), 7 survivors (7168K)
 Metaspace       used 63978K, committed 66368K, reserved 393216K
  class space    used 9018K, committed 10240K, reserved 327680K
}
Event: 457.073 GC heap after
{Heap after GC invocations=15 (full 0):
 garbage-first heap   total 262144K, used 51814K [0x00000000e0000000, 0x0000000100000000)
  region size 1024K, 6 young (6144K), 6 survivors (6144K)
 Metaspace       used 63978K, committed 66368K, reserved 393216K
  class space    used 9018K, committed 10240K, reserved 327680K
}

