# JRE version: Java(TM) SE Runtime Environment (21.0.11+9) (build 21.0.11+9-LTS-211)
# Java VM: Java HotSpot(TM) 64-Bit Server VM (21.0.11+9-LTS-211, mixed mode, tiered, compressed oops, compressed class ptrs, g1 gc, windows-amd64)
GC Precious Log:
 CardTable entry size: 512
 Card Set container configuration: InlinePtr #cards 5 size 8 Array Of Cards #cards 12 size 40 Howl #buckets 4 coarsen threshold 1843 Howl Bitmap #cards 512 size 80 coarsen threshold 460 Card regions per heap region 1 cards per card region 2048
 CPUs: 12 total, 12 available
 Memory: 15690M
 Large Page Support: Disabled
 NUMA Support: Disabled
 Compressed Oops: Enabled (32-bit)
 Heap Region Size: 1M
 Heap Min Capacity: 256M
 Heap Initial Capacity: 256M
 Heap Max Capacity: 512M
 Pre-touch: Disabled
 Parallel Workers: 10
 Concurrent Workers: 3
 Concurrent Refinement Workers: 10
 Periodic GC: Disabled
Heap:
 garbage-first heap   total 262144K, used 45033K [0x00000000e0000000, 0x0000000100000000)
  region size 1024K, 31 young (31744K), 12 survivors (12288K)
 Metaspace       used 37225K, committed 38336K, reserved 393216K
  class space    used 4739K, committed 5312K, reserved 327680K
GC Heap History (10 events):
Event: 5.398 GC heap before
{Heap before GC invocations=0 (full 0):
 garbage-first heap   total 262144K, used 27648K [0x00000000e0000000, 0x0000000100000000)
  region size 1024K, 23 young (23552K), 0 survivors (0K)
 Metaspace       used 10830K, committed 11072K, reserved 393216K
  class space    used 1013K, committed 1152K, reserved 327680K
}
Event: 5.412 GC heap after
{Heap after GC invocations=1 (full 0):
 garbage-first heap   total 262144K, used 10826K [0x00000000e0000000, 0x0000000100000000)
  region size 1024K, 3 young (3072K), 3 survivors (3072K)
 Metaspace       used 10830K, committed 11072K, reserved 393216K
  class space    used 1013K, committed 1152K, reserved 327680K
}
Event: 6.864 GC heap before
{Heap before GC invocations=1 (full 0):
 garbage-first heap   total 262144K, used 40522K [0x00000000e0000000, 0x0000000100000000)
  region size 1024K, 31 young (31744K), 3 survivors (3072K)
 Metaspace       used 12533K, committed 12736K, reserved 393216K
  class space    used 1242K, committed 1344K, reserved 327680K
}
Event: 6.868 GC heap after
{Heap after GC invocations=2 (full 0):
 garbage-first heap   total 262144K, used 15061K [0x00000000e0000000, 0x0000000100000000)
  region size 1024K, 3 young (3072K), 3 survivors (3072K)
 Metaspace       used 12533K, committed 12736K, reserved 393216K
  class space    used 1242K, committed 1344K, reserved 327680K
}
Event: 17.429 GC heap before
{Heap before GC invocations=2 (full 0):
 garbage-first heap   total 262144K, used 62165K [0x00000000e0000000, 0x0000000100000000)
  region size 1024K, 50 young (51200K), 3 survivors (3072K)
 Metaspace       used 21206K, committed 21504K, reserved 393216K
  class space    used 2252K, committed 2368K, reserved 327680K
}
Event: 17.441 GC heap after
{Heap after GC invocations=3 (full 0):
 garbage-first heap   total 262144K, used 20794K [0x00000000e0000000, 0x0000000100000000)
  region size 1024K, 9 young (9216K), 9 survivors (9216K)
 Metaspace       used 21206K, committed 21504K, reserved 393216K
  class space    used 2252K, committed 2368K, reserved 327680K
}
Event: 31.078 GC heap before
{Heap before GC invocations=4 (full 0):
 garbage-first heap   total 262144K, used 106810K [0x00000000e0000000, 0x0000000100000000)
  region size 1024K, 94 young (96256K), 9 survivors (9216K)
 Metaspace       used 34008K, committed 34880K, reserved 393216K
  class space    used 4200K, committed 4672K, reserved 327680K
}
Event: 31.087 GC heap after
{Heap after GC invocations=5 (full 0):
 garbage-first heap   total 262144K, used 26272K [0x00000000e0000000, 0x0000000100000000)
  region size 1024K, 11 young (11264K), 11 survivors (11264K)
 Metaspace       used 34008K, committed 34880K, reserved 393216K
  class space    used 4200K, committed 4672K, reserved 327680K
}
Event: 31.439 GC heap before
{Heap before GC invocations=5 (full 0):
 garbage-first heap   total 262144K, used 33440K [0x00000000e0000000, 0x0000000100000000)
  region size 1024K, 19 young (19456K), 11 survivors (11264K)
 Metaspace       used 35000K, committed 35968K, reserved 393216K
  class space    used 4378K, committed 4864K, reserved 327680K
}
Event: 31.444 GC heap after
{Heap after GC invocations=6 (full 0):
 garbage-first heap   total 262144K, used 26601K [0x00000000e0000000, 0x0000000100000000)
  region size 1024K, 12 young (12288K), 12 survivors (12288K)
 Metaspace       used 35000K, committed 35968K, reserved 393216K
  class space    used 4378K, committed 4864K, reserved 327680K
}

