# JRE version: Java(TM) SE Runtime Environment (21.0.11+9) (build 21.0.11+9-LTS-211)
# Java VM: Java HotSpot(TM) 64-Bit Server VM (21.0.11+9-LTS-211, mixed mode, sharing, tiered, compressed oops, compressed class ptrs, g1 gc, windows-amd64)
GC Precious Log:
 CardTable entry size: 512
 Card Set container configuration: InlinePtr #cards 5 size 8 Array Of Cards #cards 12 size 40 Howl #buckets 4 coarsen threshold 1843 Howl Bitmap #cards 512 size 80 coarsen threshold 460 Card regions per heap region 1 cards per card region 2048
 CPUs: 12 total, 12 available
 Memory: 15690M
 Large Page Support: Disabled
 NUMA Support: Disabled
 Compressed Oops: Enabled (32-bit)
 Heap Region Size: 1M
 Heap Min Capacity: 256M
 Heap Initial Capacity: 256M
 Heap Max Capacity: 512M
 Pre-touch: Disabled
 Parallel Workers: 10
 Concurrent Workers: 3
 Concurrent Refinement Workers: 10
 Periodic GC: Disabled
Heap:
 garbage-first heap   total 262144K, used 72542K [0x00000000e0000000, 0x0000000100000000)
  region size 1024K, 49 young (50176K), 14 survivors (14336K)
 Metaspace       used 50877K, committed 52928K, reserved 393216K
  class space    used 7528K, committed 8512K, reserved 327680K
GC Heap History (10 events):
Event: 2.611 GC heap before
{Heap before GC invocations=0 (full 0):
 garbage-first heap   total 262144K, used 26624K [0x00000000e0000000, 0x0000000100000000)
  region size 1024K, 23 young (23552K), 0 survivors (0K)
 Metaspace       used 3063K, committed 3200K, reserved 393216K
  class space    used 356K, committed 448K, reserved 327680K
}
Event: 2.971 GC heap after
{Heap after GC invocations=1 (full 0):
 garbage-first heap   total 262144K, used 10986K [0x00000000e0000000, 0x0000000100000000)
  region size 1024K, 3 young (3072K), 3 survivors (3072K)
 Metaspace       used 3063K, committed 3200K, reserved 393216K
  class space    used 356K, committed 448K, reserved 327680K
}
Event: 8.647 GC heap before
{Heap before GC invocations=1 (full 0):
 garbage-first heap   total 262144K, used 40682K [0x00000000e0000000, 0x0000000100000000)
  region size 1024K, 31 young (31744K), 3 survivors (3072K)
 Metaspace       used 4665K, committed 4928K, reserved 393216K
  class space    used 571K, committed 704K, reserved 327680K
}
Event: 8.683 GC heap after
{Heap after GC invocations=2 (full 0):
 garbage-first heap   total 262144K, used 15040K [0x00000000e0000000, 0x0000000100000000)
  region size 1024K, 4 young (4096K), 4 survivors (4096K)
 Metaspace       used 4665K, committed 4928K, reserved 393216K
  class space    used 571K, committed 704K, reserved 327680K
}
Event: 79.773 GC heap before
{Heap before GC invocations=2 (full 0):
 garbage-first heap   total 262144K, used 124608K [0x00000000e0000000, 0x0000000100000000)
  region size 1024K, 112 young (114688K), 4 survivors (4096K)
 Metaspace       used 20844K, committed 21504K, reserved 393216K
  class space    used 2857K, committed 3136K, reserved 327680K
}
Event: 83.154 GC heap after
{Heap after GC invocations=3 (full 0):
 garbage-first heap   total 262144K, used 24151K [0x00000000e0000000, 0x0000000100000000)
  region size 1024K, 12 young (12288K), 12 survivors (12288K)
 Metaspace       used 20844K, committed 21504K, reserved 393216K
  class space    used 2857K, committed 3136K, reserved 327680K
}
Event: 94.900 GC heap before
{Heap before GC invocations=4 (full 0):
 garbage-first heap   total 262144K, used 123479K [0x00000000e0000000, 0x0000000100000000)
  region size 1024K, 111 young (113664K), 12 survivors (12288K)
 Metaspace       used 34661K, committed 35968K, reserved 393216K
  class space    used 4906K, committed 5568K, reserved 327680K
}
Event: 94.915 GC heap after
{Heap after GC invocations=5 (full 0):
 garbage-first heap   total 262144K, used 30634K [0x00000000e0000000, 0x0000000100000000)
  region size 1024K, 7 young (7168K), 7 survivors (7168K)
 Metaspace       used 34661K, committed 35968K, reserved 393216K
  class space    used 4906K, committed 5568K, reserved 327680K
}
Event: 161.426 GC heap before
{Heap before GC invocations=6 (full 0):
 garbage-first heap   total 262144K, used 162730K [0x00000000e0000000, 0x0000000100000000)
  region size 1024K, 136 young (139264K), 7 survivors (7168K)
 Metaspace       used 47543K, committed 49472K, reserved 393216K
  class space    used 6972K, committed 7936K, reserved 327680K
}
Event: 161.446 GC heap after
{Heap after GC invocations=7 (full 0):
 garbage-first heap   total 262144K, used 37726K [0x00000000e0000000, 0x0000000100000000)
  region size 1024K, 14 young (14336K), 14 survivors (14336K)
 Metaspace       used 47543K, committed 49472K, reserved 393216K
  class space    used 6972K, committed 7936K, reserved 327680K
}

